{"C:\\Users\\omerv\\Desktop\\Groceries app\\Groceries_B\\src\\server.ts": {"path":"C:\\Users\\omerv\\Desktop\\Groceries app\\Groceries_B\\src\\server.ts","statementMap":{"0":{"start":{"line":1,"column":0},"end":{"line":1,"column":43}},"1":{"start":{"line":2,"column":0},"end":{"line":2,"column":37}},"2":{"start":{"line":4,"column":12},"end":{"line":4,"column":21}},"3":{"start":{"line":5,"column":0},"end":{"line":5,"column":27}},"4":{"start":{"line":6,"column":0},"end":{"line":6,"column":51}},"5":{"start":{"line":9,"column":0},"end":{"line":9,"column":51}},"6":{"start":{"line":10,"column":0},"end":{"line":10,"column":53}},"7":{"start":{"line":11,"column":0},"end":{"line":11,"column":45}},"8":{"start":{"line":12,"column":0},"end":{"line":12,"column":45}},"9":{"start":{"line":13,"column":0},"end":{"line":13,"column":36}},"10":{"start":{"line":14,"column":0},"end":{"line":14,"column":39}},"11":{"start":{"line":15,"column":0},"end":{"line":15,"column":30}},"12":{"start":{"line":16,"column":0},"end":{"line":16,"column":29}},"13":{"start":{"line":19,"column":0},"end":{"line":19,"column":32}},"14":{"start":{"line":20,"column":18},"end":{"line":20,"column":80}},"15":{"start":{"line":21,"column":16},"end":{"line":38,"column":null}},"16":{"start":{"line":21,"column":27},"end":{"line":38,"column":null}},"17":{"start":{"line":22,"column":4},"end":{"line":37,"column":null}},"18":{"start":{"line":23,"column":8},"end":{"line":36,"column":9}},"19":{"start":{"line":24,"column":12},"end":{"line":24,"column":null}},"20":{"start":{"line":26,"column":12},"end":{"line":35,"column":19}},"21":{"start":{"line":29,"column":20},"end":{"line":29,"column":56}},"22":{"start":{"line":30,"column":20},"end":{"line":30,"column":33}},"23":{"start":{"line":33,"column":20},"end":{"line":33,"column":43}},"24":{"start":{"line":34,"column":20},"end":{"line":34,"column":58}},"25":{"start":{"line":40,"column":0},"end":{"line":40,"column":23}}},"fnMap":{"0":{"name":"(anonymous_8)","decl":{"start":{"line":21,"column":16},"end":{"line":21,"column":25}},"loc":{"start":{"line":21,"column":27},"end":{"line":38,"column":null}}},"1":{"name":"(anonymous_9)","decl":{"start":{"line":21,"column":27},"end":{"line":21,"column":null}},"loc":{"start":{"line":21,"column":27},"end":{"line":38,"column":1}}},"2":{"name":"(anonymous_10)","decl":{"start":{"line":22,"column":32},"end":{"line":22,"column":33}},"loc":{"start":{"line":22,"column":52},"end":{"line":37,"column":5}}},"3":{"name":"(anonymous_11)","decl":{"start":{"line":28,"column":22},"end":{"line":28,"column":25}},"loc":{"start":{"line":28,"column":27},"end":{"line":31,"column":17}}},"4":{"name":"(anonymous_12)","decl":{"start":{"line":32,"column":23},"end":{"line":32,"column":24}},"loc":{"start":{"line":32,"column":33},"end":{"line":35,"column":17}}}},"branchMap":{"0":{"loc":{"start":{"line":20,"column":18},"end":{"line":20,"column":80}},"type":"binary-expr","locations":[{"start":{"line":20,"column":18},"end":{"line":20,"column":39}},{"start":{"line":20,"column":43},"end":{"line":20,"column":80}}]},"1":{"loc":{"start":{"line":23,"column":8},"end":{"line":36,"column":9}},"type":"if","locations":[{"start":{"line":23,"column":8},"end":{"line":36,"column":9}},{"start":{"line":25,"column":15},"end":{"line":36,"column":9}}]}},"s":{"0":1,"1":1,"2":1,"3":1,"4":1,"5":1,"6":1,"7":1,"8":1,"9":1,"10":1,"11":1,"12":1,"13":1,"14":1,"15":1,"16":1,"17":1,"18":1,"19":0,"20":1,"21":1,"22":1,"23":0,"24":0,"25":1},"f":{"0":1,"1":1,"2":1,"3":1,"4":0},"b":{"0":[1,1],"1":[0,1]}}
,"C:\\Users\\omerv\\Desktop\\Groceries app\\Groceries_B\\src\\controllers\\authController.ts": {"path":"C:\\Users\\omerv\\Desktop\\Groceries app\\Groceries_B\\src\\controllers\\authController.ts","statementMap":{"0":{"start":{"line":2,"column":0},"end":{"line":2,"column":55}},"1":{"start":{"line":3,"column":0},"end":{"line":3,"column":31}},"2":{"start":{"line":4,"column":0},"end":{"line":4,"column":28}},"3":{"start":{"line":6,"column":17},"end":{"line":22,"column":2}},"4":{"start":{"line":6,"column":55},"end":{"line":22,"column":2}},"5":{"start":{"line":7,"column":40},"end":{"line":7,"column":48}},"6":{"start":{"line":8,"column":2},"end":{"line":21,"column":3}},"7":{"start":{"line":9,"column":17},"end":{"line":9,"column":51}},"8":{"start":{"line":10,"column":4},"end":{"line":13,"column":5}},"9":{"start":{"line":11,"column":6},"end":{"line":11,"column":63}},"10":{"start":{"line":12,"column":6},"end":{"line":12,"column":13}},"11":{"start":{"line":14,"column":17},"end":{"line":14,"column":41}},"12":{"start":{"line":15,"column":25},"end":{"line":15,"column":58}},"13":{"start":{"line":16,"column":20},"end":{"line":16,"column":78}},"14":{"start":{"line":17,"column":4},"end":{"line":17,"column":25}},"15":{"start":{"line":18,"column":4},"end":{"line":18,"column":38}},"16":{"start":{"line":20,"column":4},"end":{"line":20,"column":36}},"17":{"start":{"line":24,"column":14},"end":{"line":72,"column":2}},"18":{"start":{"line":24,"column":52},"end":{"line":72,"column":2}},"19":{"start":{"line":25,"column":30},"end":{"line":25,"column":38}},"20":{"start":{"line":26,"column":2},"end":{"line":71,"column":3}},"21":{"start":{"line":27,"column":17},"end":{"line":27,"column":58}},"22":{"start":{"line":28,"column":4},"end":{"line":31,"column":5}},"23":{"start":{"line":29,"column":6},"end":{"line":29,"column":58}},"24":{"start":{"line":30,"column":6},"end":{"line":30,"column":13}},"25":{"start":{"line":32,"column":26},"end":{"line":32,"column":71}},"26":{"start":{"line":33,"column":4},"end":{"line":36,"column":5}},"27":{"start":{"line":34,"column":6},"end":{"line":34,"column":60}},"28":{"start":{"line":35,"column":6},"end":{"line":35,"column":13}},"29":{"start":{"line":37,"column":31},"end":{"line":37,"column":63}},"30":{"start":{"line":38,"column":30},"end":{"line":38,"column":61}},"31":{"start":{"line":39,"column":25},"end":{"line":39,"column":51}},"32":{"start":{"line":40,"column":4},"end":{"line":43,"column":5}},"33":{"start":{"line":41,"column":6},"end":{"line":41,"column":59}},"34":{"start":{"line":42,"column":6},"end":{"line":42,"column":13}},"35":{"start":{"line":44,"column":23},"end":{"line":44,"column":47}},"36":{"start":{"line":45,"column":24},"end":{"line":51,"column":null}},"37":{"start":{"line":53,"column":25},"end":{"line":59,"column":null}},"38":{"start":{"line":61,"column":4},"end":{"line":63,"column":5}},"39":{"start":{"line":62,"column":6},"end":{"line":62,"column":23}},"40":{"start":{"line":64,"column":4},"end":{"line":64,"column":35}},"41":{"start":{"line":65,"column":4},"end":{"line":65,"column":22}},"42":{"start":{"line":66,"column":4},"end":{"line":68,"column":70}},"43":{"start":{"line":70,"column":4},"end":{"line":70,"column":36}},"44":{"start":{"line":74,"column":15},"end":{"line":113,"column":2}},"45":{"start":{"line":74,"column":53},"end":{"line":113,"column":2}},"46":{"start":{"line":75,"column":2},"end":{"line":112,"column":3}},"47":{"start":{"line":76,"column":22},"end":{"line":76,"column":50}},"48":{"start":{"line":77,"column":25},"end":{"line":77,"column":61}},"49":{"start":{"line":78,"column":4},"end":{"line":81,"column":5}},"50":{"start":{"line":79,"column":6},"end":{"line":79,"column":43}},"51":{"start":{"line":80,"column":6},"end":{"line":80,"column":13}},"52":{"start":{"line":82,"column":4},"end":{"line":85,"column":5}},"53":{"start":{"line":83,"column":6},"end":{"line":83,"column":52}},"54":{"start":{"line":84,"column":6},"end":{"line":84,"column":13}},"55":{"start":{"line":86,"column":4},"end":{"line":109,"column":6}},"56":{"start":{"line":89,"column":59},"end":{"line":108,"column":null}},"57":{"start":{"line":90,"column":8},"end":{"line":93,"column":9}},"58":{"start":{"line":91,"column":10},"end":{"line":91,"column":40}},"59":{"start":{"line":92,"column":10},"end":{"line":92,"column":17}},"60":{"start":{"line":94,"column":21},"end":{"line":94,"column":71}},"61":{"start":{"line":95,"column":8},"end":{"line":98,"column":9}},"62":{"start":{"line":96,"column":10},"end":{"line":96,"column":47}},"63":{"start":{"line":97,"column":10},"end":{"line":97,"column":17}},"64":{"start":{"line":99,"column":8},"end":{"line":104,"column":9}},"65":{"start":{"line":100,"column":10},"end":{"line":100,"column":27}},"66":{"start":{"line":101,"column":10},"end":{"line":101,"column":28}},"67":{"start":{"line":102,"column":10},"end":{"line":102,"column":52}},"68":{"start":{"line":103,"column":10},"end":{"line":103,"column":17}},"69":{"start":{"line":105,"column":8},"end":{"line":105,"column":76}},"70":{"start":{"line":105,"column":52},"end":{"line":105,"column":74}},"71":{"start":{"line":106,"column":8},"end":{"line":106,"column":26}},"72":{"start":{"line":107,"column":8},"end":{"line":107,"column":43}},"73":{"start":{"line":111,"column":4},"end":{"line":111,"column":32}},"74":{"start":{"line":119,"column":16},"end":{"line":188,"column":2}},"75":{"start":{"line":119,"column":54},"end":{"line":188,"column":2}},"76":{"start":{"line":120,"column":20},"end":{"line":120,"column":48}},"77":{"start":{"line":121,"column":23},"end":{"line":121,"column":59}},"78":{"start":{"line":122,"column":2},"end":{"line":125,"column":3}},"79":{"start":{"line":123,"column":4},"end":{"line":123,"column":41}},"80":{"start":{"line":124,"column":4},"end":{"line":124,"column":11}},"81":{"start":{"line":126,"column":2},"end":{"line":187,"column":3}},"82":{"start":{"line":127,"column":4},"end":{"line":130,"column":5}},"83":{"start":{"line":128,"column":6},"end":{"line":128,"column":52}},"84":{"start":{"line":129,"column":6},"end":{"line":129,"column":13}},"85":{"start":{"line":131,"column":4},"end":{"line":184,"column":6}},"86":{"start":{"line":134,"column":59},"end":{"line":183,"column":null}},"87":{"start":{"line":135,"column":8},"end":{"line":138,"column":9}},"88":{"start":{"line":136,"column":10},"end":{"line":136,"column":54}},"89":{"start":{"line":137,"column":10},"end":{"line":137,"column":17}},"90":{"start":{"line":139,"column":21},"end":{"line":139,"column":71}},"91":{"start":{"line":140,"column":8},"end":{"line":143,"column":9}},"92":{"start":{"line":141,"column":10},"end":{"line":141,"column":44}},"93":{"start":{"line":142,"column":10},"end":{"line":142,"column":17}},"94":{"start":{"line":144,"column":8},"end":{"line":147,"column":9}},"95":{"start":{"line":145,"column":10},"end":{"line":145,"column":44}},"96":{"start":{"line":146,"column":10},"end":{"line":146,"column":17}},"97":{"start":{"line":148,"column":8},"end":{"line":153,"column":9}},"98":{"start":{"line":149,"column":10},"end":{"line":149,"column":27}},"99":{"start":{"line":150,"column":10},"end":{"line":150,"column":28}},"100":{"start":{"line":151,"column":10},"end":{"line":151,"column":44}},"101":{"start":{"line":152,"column":10},"end":{"line":152,"column":17}},"102":{"start":{"line":154,"column":8},"end":{"line":161,"column":9}},"103":{"start":{"line":159,"column":10},"end":{"line":159,"column":56}},"104":{"start":{"line":160,"column":10},"end":{"line":160,"column":17}},"105":{"start":{"line":162,"column":23},"end":{"line":162,"column":47}},"106":{"start":{"line":163,"column":27},"end":{"line":169,"column":null}},"107":{"start":{"line":171,"column":32},"end":{"line":176,"column":null}},"108":{"start":{"line":178,"column":8},"end":{"line":178,"column":42}},"109":{"start":{"line":179,"column":8},"end":{"line":179,"column":26}},"110":{"start":{"line":180,"column":8},"end":{"line":182,"column":76}},"111":{"start":{"line":186,"column":4},"end":{"line":186,"column":32}},"112":{"start":{"line":190,"column":22},"end":{"line":211,"column":2}},"113":{"start":{"line":190,"column":71},"end":{"line":211,"column":2}},"114":{"start":{"line":191,"column":22},"end":{"line":191,"column":50}},"115":{"start":{"line":192,"column":16},"end":{"line":192,"column":56}},"116":{"start":{"line":193,"column":2},"end":{"line":196,"column":3}},"117":{"start":{"line":194,"column":4},"end":{"line":194,"column":46}},"118":{"start":{"line":195,"column":4},"end":{"line":195,"column":11}},"119":{"start":{"line":198,"column":2},"end":{"line":201,"column":3}},"120":{"start":{"line":199,"column":4},"end":{"line":199,"column":44}},"121":{"start":{"line":200,"column":4},"end":{"line":200,"column":11}},"122":{"start":{"line":203,"column":2},"end":{"line":210,"column":5}},"123":{"start":{"line":204,"column":4},"end":{"line":207,"column":5}},"124":{"start":{"line":205,"column":6},"end":{"line":205,"column":50}},"125":{"start":{"line":206,"column":6},"end":{"line":206,"column":13}},"126":{"start":{"line":208,"column":4},"end":{"line":208,"column":49}},"127":{"start":{"line":209,"column":4},"end":{"line":209,"column":11}},"128":{"start":{"line":213,"column":0},"end":{"line":213,"column":67}}},"fnMap":{"0":{"name":"(anonymous_8)","decl":{"start":{"line":6,"column":17},"end":{"line":6,"column":24}},"loc":{"start":{"line":6,"column":55},"end":{"line":22,"column":2}}},"1":{"name":"(anonymous_9)","decl":{"start":{"line":6,"column":55},"end":{"line":6,"column":null}},"loc":{"start":{"line":6,"column":55},"end":{"line":22,"column":1}}},"2":{"name":"(anonymous_10)","decl":{"start":{"line":24,"column":14},"end":{"line":24,"column":21}},"loc":{"start":{"line":24,"column":52},"end":{"line":72,"column":2}}},"3":{"name":"(anonymous_11)","decl":{"start":{"line":24,"column":52},"end":{"line":24,"column":null}},"loc":{"start":{"line":24,"column":52},"end":{"line":72,"column":1}}},"4":{"name":"(anonymous_12)","decl":{"start":{"line":74,"column":15},"end":{"line":74,"column":22}},"loc":{"start":{"line":74,"column":53},"end":{"line":113,"column":2}}},"5":{"name":"(anonymous_13)","decl":{"start":{"line":74,"column":53},"end":{"line":74,"column":null}},"loc":{"start":{"line":74,"column":53},"end":{"line":113,"column":1}}},"6":{"name":"(anonymous_14)","decl":{"start":{"line":89,"column":6},"end":{"line":89,"column":13}},"loc":{"start":{"line":89,"column":59},"end":{"line":108,"column":null}}},"7":{"name":"(anonymous_15)","decl":{"start":{"line":89,"column":59},"end":{"line":89,"column":null}},"loc":{"start":{"line":89,"column":59},"end":{"line":108,"column":7}}},"8":{"name":"(anonymous_16)","decl":{"start":{"line":105,"column":41},"end":{"line":105,"column":42}},"loc":{"start":{"line":105,"column":52},"end":{"line":105,"column":74}}},"9":{"name":"(anonymous_17)","decl":{"start":{"line":119,"column":16},"end":{"line":119,"column":23}},"loc":{"start":{"line":119,"column":54},"end":{"line":188,"column":2}}},"10":{"name":"(anonymous_18)","decl":{"start":{"line":119,"column":54},"end":{"line":119,"column":null}},"loc":{"start":{"line":119,"column":54},"end":{"line":188,"column":1}}},"11":{"name":"(anonymous_19)","decl":{"start":{"line":134,"column":6},"end":{"line":134,"column":13}},"loc":{"start":{"line":134,"column":59},"end":{"line":183,"column":null}}},"12":{"name":"(anonymous_20)","decl":{"start":{"line":134,"column":59},"end":{"line":134,"column":null}},"loc":{"start":{"line":134,"column":59},"end":{"line":183,"column":7}}},"13":{"name":"(anonymous_21)","decl":{"start":{"line":190,"column":22},"end":{"line":190,"column":29}},"loc":{"start":{"line":190,"column":71},"end":{"line":211,"column":2}}},"14":{"name":"(anonymous_22)","decl":{"start":{"line":190,"column":71},"end":{"line":190,"column":null}},"loc":{"start":{"line":190,"column":71},"end":{"line":211,"column":1}}},"15":{"name":"(anonymous_23)","decl":{"start":{"line":203,"column":53},"end":{"line":203,"column":54}},"loc":{"start":{"line":203,"column":70},"end":{"line":210,"column":3}}}},"branchMap":{"0":{"loc":{"start":{"line":10,"column":4},"end":{"line":13,"column":5}},"type":"if","locations":[{"start":{"line":10,"column":4},"end":{"line":13,"column":5}}]},"1":{"loc":{"start":{"line":28,"column":4},"end":{"line":31,"column":5}},"type":"if","locations":[{"start":{"line":28,"column":4},"end":{"line":31,"column":5}}]},"2":{"loc":{"start":{"line":33,"column":4},"end":{"line":36,"column":5}},"type":"if","locations":[{"start":{"line":33,"column":4},"end":{"line":36,"column":5}}]},"3":{"loc":{"start":{"line":40,"column":4},"end":{"line":43,"column":5}},"type":"if","locations":[{"start":{"line":40,"column":4},"end":{"line":43,"column":5}}]},"4":{"loc":{"start":{"line":40,"column":8},"end":{"line":40,"column":66}},"type":"binary-expr","locations":[{"start":{"line":40,"column":8},"end":{"line":40,"column":27}},{"start":{"line":40,"column":31},"end":{"line":40,"column":49}},{"start":{"line":40,"column":53},"end":{"line":40,"column":66}}]},"5":{"loc":{"start":{"line":61,"column":4},"end":{"line":63,"column":5}},"type":"if","locations":[{"start":{"line":61,"column":4},"end":{"line":63,"column":5}}]},"6":{"loc":{"start":{"line":77,"column":25},"end":{"line":77,"column":61}},"type":"binary-expr","locations":[{"start":{"line":77,"column":25},"end":{"line":77,"column":34}},{"start":{"line":77,"column":38},"end":{"line":77,"column":61}}]},"7":{"loc":{"start":{"line":78,"column":4},"end":{"line":81,"column":5}},"type":"if","locations":[{"start":{"line":78,"column":4},"end":{"line":81,"column":5}}]},"8":{"loc":{"start":{"line":82,"column":4},"end":{"line":85,"column":5}},"type":"if","locations":[{"start":{"line":82,"column":4},"end":{"line":85,"column":5}}]},"9":{"loc":{"start":{"line":90,"column":8},"end":{"line":93,"column":9}},"type":"if","locations":[{"start":{"line":90,"column":8},"end":{"line":93,"column":9}}]},"10":{"loc":{"start":{"line":95,"column":8},"end":{"line":98,"column":9}},"type":"if","locations":[{"start":{"line":95,"column":8},"end":{"line":98,"column":9}}]},"11":{"loc":{"start":{"line":99,"column":8},"end":{"line":104,"column":9}},"type":"if","locations":[{"start":{"line":99,"column":8},"end":{"line":104,"column":9}}]},"12":{"loc":{"start":{"line":121,"column":23},"end":{"line":121,"column":59}},"type":"binary-expr","locations":[{"start":{"line":121,"column":23},"end":{"line":121,"column":32}},{"start":{"line":121,"column":36},"end":{"line":121,"column":59}}]},"13":{"loc":{"start":{"line":122,"column":2},"end":{"line":125,"column":3}},"type":"if","locations":[{"start":{"line":122,"column":2},"end":{"line":125,"column":3}}]},"14":{"loc":{"start":{"line":127,"column":4},"end":{"line":130,"column":5}},"type":"if","locations":[{"start":{"line":127,"column":4},"end":{"line":130,"column":5}}]},"15":{"loc":{"start":{"line":135,"column":8},"end":{"line":138,"column":9}},"type":"if","locations":[{"start":{"line":135,"column":8},"end":{"line":138,"column":9}}]},"16":{"loc":{"start":{"line":140,"column":8},"end":{"line":143,"column":9}},"type":"if","locations":[{"start":{"line":140,"column":8},"end":{"line":143,"column":9}}]},"17":{"loc":{"start":{"line":144,"column":8},"end":{"line":147,"column":9}},"type":"if","locations":[{"start":{"line":144,"column":8},"end":{"line":147,"column":9}}]},"18":{"loc":{"start":{"line":148,"column":8},"end":{"line":153,"column":9}},"type":"if","locations":[{"start":{"line":148,"column":8},"end":{"line":153,"column":9}}]},"19":{"loc":{"start":{"line":154,"column":8},"end":{"line":161,"column":9}},"type":"if","locations":[{"start":{"line":154,"column":8},"end":{"line":161,"column":9}}]},"20":{"loc":{"start":{"line":155,"column":10},"end":{"line":157,"column":50}},"type":"binary-expr","locations":[{"start":{"line":155,"column":10},"end":{"line":155,"column":49}},{"start":{"line":156,"column":10},"end":{"line":156,"column":44}},{"start":{"line":157,"column":10},"end":{"line":157,"column":50}}]},"21":{"loc":{"start":{"line":192,"column":16},"end":{"line":192,"column":56}},"type":"binary-expr","locations":[{"start":{"line":192,"column":16},"end":{"line":192,"column":27}},{"start":{"line":192,"column":31},"end":{"line":192,"column":56}}]},"22":{"loc":{"start":{"line":193,"column":2},"end":{"line":196,"column":3}},"type":"if","locations":[{"start":{"line":193,"column":2},"end":{"line":196,"column":3}}]},"23":{"loc":{"start":{"line":198,"column":2},"end":{"line":201,"column":3}},"type":"if","locations":[{"start":{"line":198,"column":2},"end":{"line":201,"column":3}}]},"24":{"loc":{"start":{"line":204,"column":4},"end":{"line":207,"column":5}},"type":"if","locations":[{"start":{"line":204,"column":4},"end":{"line":207,"column":5}}]}},"s":{"0":1,"1":1,"2":1,"3":1,"4":3,"5":3,"6":3,"7":3,"8":3,"9":1,"10":1,"11":2,"12":2,"13":2,"14":2,"15":1,"16":1,"17":1,"18":4,"19":4,"20":4,"21":4,"22":4,"23":2,"24":2,"25":2,"26":2,"27":1,"28":1,"29":1,"30":1,"31":1,"32":1,"33":1,"34":1,"35":0,"36":0,"37":0,"38":0,"39":0,"40":0,"41":0,"42":0,"43":0,"44":1,"45":3,"46":3,"47":3,"48":3,"49":3,"50":1,"51":1,"52":2,"53":2,"54":2,"55":0,"56":0,"57":0,"58":0,"59":0,"60":0,"61":0,"62":0,"63":0,"64":0,"65":0,"66":0,"67":0,"68":0,"69":0,"70":0,"71":0,"72":0,"73":0,"74":1,"75":4,"76":4,"77":4,"78":4,"79":1,"80":1,"81":3,"82":3,"83":3,"84":3,"85":0,"86":0,"87":0,"88":0,"89":0,"90":0,"91":0,"92":0,"93":0,"94":0,"95":0,"96":0,"97":0,"98":0,"99":0,"100":0,"101":0,"102":0,"103":0,"104":0,"105":0,"106":0,"107":0,"108":0,"109":0,"110":0,"111":0,"112":1,"113":0,"114":0,"115":0,"116":0,"117":0,"118":0,"119":0,"120":0,"121":0,"122":0,"123":0,"124":0,"125":0,"126":0,"127":0,"128":1},"f":{"0":3,"1":3,"2":4,"3":4,"4":3,"5":3,"6":0,"7":0,"8":0,"9":4,"10":4,"11":0,"12":0,"13":0,"14":0,"15":0},"b":{"0":[1],"1":[2],"2":[1],"3":[1],"4":[1,0,0],"5":[0],"6":[3,2],"7":[1],"8":[2],"9":[0],"10":[0],"11":[0],"12":[4,3],"13":[1],"14":[3],"15":[0],"16":[0],"17":[0],"18":[0],"19":[0],"20":[0,0,0],"21":[0,0],"22":[0],"23":[0],"24":[0]}}
,"C:\\Users\\omerv\\Desktop\\Groceries app\\Groceries_B\\src\\controllers\\baseController.ts": {"path":"C:\\Users\\omerv\\Desktop\\Groceries app\\Groceries_B\\src\\controllers\\baseController.ts","statementMap":{"0":{"start":{"line":8,"column":8},"end":{"line":8,"column":27}},"1":{"start":{"line":9,"column":8},"end":{"line":9,"column":29}},"2":{"start":{"line":13,"column":23},"end":{"line":13,"column":39}},"3":{"start":{"line":14,"column":8},"end":{"line":24,"column":9}},"4":{"start":{"line":15,"column":12},"end":{"line":21,"column":13}},"5":{"start":{"line":16,"column":29},"end":{"line":16,"column":77}},"6":{"start":{"line":17,"column":16},"end":{"line":17,"column":43}},"7":{"start":{"line":19,"column":29},"end":{"line":19,"column":52}},"8":{"start":{"line":20,"column":16},"end":{"line":20,"column":43}},"9":{"start":{"line":23,"column":12},"end":{"line":23,"column":44}},"10":{"start":{"line":28,"column":8},"end":{"line":34,"column":9}},"11":{"start":{"line":29,"column":25},"end":{"line":29,"column":49}},"12":{"start":{"line":30,"column":12},"end":{"line":30,"column":30}},"13":{"start":{"line":31,"column":12},"end":{"line":31,"column":39}},"14":{"start":{"line":33,"column":12},"end":{"line":33,"column":44}},"15":{"start":{"line":38,"column":19},"end":{"line":38,"column":32}},"16":{"start":{"line":39,"column":8},"end":{"line":48,"column":9}},"17":{"start":{"line":40,"column":25},"end":{"line":40,"column":63}},"18":{"start":{"line":41,"column":12},"end":{"line":45,"column":13}},"19":{"start":{"line":42,"column":16},"end":{"line":42,"column":43}},"20":{"start":{"line":44,"column":16},"end":{"line":44,"column":68}},"21":{"start":{"line":47,"column":12},"end":{"line":47,"column":44}},"22":{"start":{"line":52,"column":19},"end":{"line":52,"column":32}},"23":{"start":{"line":53,"column":8},"end":{"line":62,"column":9}},"24":{"start":{"line":54,"column":25},"end":{"line":54,"column":72}},"25":{"start":{"line":55,"column":12},"end":{"line":59,"column":13}},"26":{"start":{"line":56,"column":16},"end":{"line":56,"column":66}},"27":{"start":{"line":58,"column":16},"end":{"line":58,"column":68}},"28":{"start":{"line":61,"column":12},"end":{"line":61,"column":44}},"29":{"start":{"line":66,"column":0},"end":{"line":66,"column":30}}},"fnMap":{"0":{"name":"(anonymous_7)","decl":{"start":{"line":7,"column":4},"end":{"line":7,"column":16}},"loc":{"start":{"line":7,"column":39},"end":{"line":10,"column":5}}},"1":{"name":"(anonymous_8)","decl":{"start":{"line":12,"column":10},"end":{"line":12,"column":16}},"loc":{"start":{"line":12,"column":44},"end":{"line":25,"column":null}}},"2":{"name":"(anonymous_10)","decl":{"start":{"line":27,"column":10},"end":{"line":27,"column":16}},"loc":{"start":{"line":27,"column":44},"end":{"line":35,"column":null}}},"3":{"name":"(anonymous_12)","decl":{"start":{"line":37,"column":10},"end":{"line":37,"column":17}},"loc":{"start":{"line":37,"column":45},"end":{"line":49,"column":null}}},"4":{"name":"(anonymous_14)","decl":{"start":{"line":51,"column":10},"end":{"line":51,"column":20}},"loc":{"start":{"line":51,"column":48},"end":{"line":63,"column":null}}}},"branchMap":{"0":{"loc":{"start":{"line":15,"column":12},"end":{"line":21,"column":13}},"type":"if","locations":[{"start":{"line":15,"column":12},"end":{"line":21,"column":13}},{"start":{"line":18,"column":19},"end":{"line":21,"column":13}}]},"1":{"loc":{"start":{"line":41,"column":12},"end":{"line":45,"column":13}},"type":"if","locations":[{"start":{"line":41,"column":12},"end":{"line":45,"column":13}},{"start":{"line":43,"column":19},"end":{"line":45,"column":13}}]},"2":{"loc":{"start":{"line":55,"column":12},"end":{"line":59,"column":13}},"type":"if","locations":[{"start":{"line":55,"column":12},"end":{"line":59,"column":13}},{"start":{"line":57,"column":19},"end":{"line":59,"column":13}}]}},"s":{"0":3,"1":3,"2":0,"3":0,"4":0,"5":0,"6":0,"7":0,"8":0,"9":0,"10":0,"11":0,"12":0,"13":0,"14":0,"15":0,"16":0,"17":0,"18":0,"19":0,"20":0,"21":0,"22":0,"23":0,"24":0,"25":0,"26":0,"27":0,"28":0,"29":1},"f":{"0":3,"1":0,"2":0,"3":0,"4":0},"b":{"0":[0,0],"1":[0,0],"2":[0,0]}}
,"C:\\Users\\omerv\\Desktop\\Groceries app\\Groceries_B\\src\\controllers\\cartController.ts": {"path":"C:\\Users\\omerv\\Desktop\\Groceries app\\Groceries_B\\src\\controllers\\cartController.ts","statementMap":{"0":{"start":{"line":1,"column":0},"end":{"line":1,"column":55}},"1":{"start":{"line":2,"column":0},"end":{"line":2,"column":46}},"2":{"start":{"line":4,"column":0},"end":{"line":4,"column":28}},"3":{"start":{"line":9,"column":4},"end":{"line":9,"column":29}},"4":{"start":{"line":13,"column":15},"end":{"line":13,"column":28}},"5":{"start":{"line":14,"column":25},"end":{"line":14,"column":33}},"6":{"start":{"line":15,"column":4},"end":{"line":28,"column":5}},"7":{"start":{"line":16,"column":19},"end":{"line":19,"column":null}},"8":{"start":{"line":21,"column":6},"end":{"line":25,"column":7}},"9":{"start":{"line":22,"column":8},"end":{"line":22,"column":35}},"10":{"start":{"line":24,"column":8},"end":{"line":24,"column":60}},"11":{"start":{"line":27,"column":6},"end":{"line":27,"column":38}},"12":{"start":{"line":32,"column":34},"end":{"line":32,"column":42}},"13":{"start":{"line":33,"column":4},"end":{"line":50,"column":5}},"14":{"start":{"line":34,"column":19},"end":{"line":34,"column":43}},"15":{"start":{"line":35,"column":24},"end":{"line":35,"column":56}},"16":{"start":{"line":36,"column":19},"end":{"line":44,"column":8}},"17":{"start":{"line":45,"column":6},"end":{"line":45,"column":31}},"18":{"start":{"line":46,"column":6},"end":{"line":46,"column":24}},"19":{"start":{"line":47,"column":6},"end":{"line":47,"column":33}},"20":{"start":{"line":49,"column":6},"end":{"line":49,"column":38}},"21":{"start":{"line":54,"column":15},"end":{"line":54,"column":28}},"22":{"start":{"line":55,"column":46},"end":{"line":55,"column":54}},"23":{"start":{"line":56,"column":4},"end":{"line":79,"column":5}},"24":{"start":{"line":57,"column":19},"end":{"line":57,"column":56}},"25":{"start":{"line":58,"column":6},"end":{"line":76,"column":7}},"26":{"start":{"line":59,"column":8},"end":{"line":59,"column":60}},"27":{"start":{"line":61,"column":8},"end":{"line":69,"column":9}},"28":{"start":{"line":61,"column":21},"end":{"line":61,"column":22}},"29":{"start":{"line":62,"column":10},"end":{"line":68,"column":11}},"30":{"start":{"line":63,"column":12},"end":{"line":63,"column":41}},"31":{"start":{"line":64,"column":12},"end":{"line":64,"column":44}},"32":{"start":{"line":65,"column":12},"end":{"line":65,"column":30}},"33":{"start":{"line":66,"column":12},"end":{"line":66,"column":39}},"34":{"start":{"line":67,"column":12},"end":{"line":67,"column":19}},"35":{"start":{"line":70,"column":8},"end":{"line":70,"column":41}},"36":{"start":{"line":71,"column":8},"end":{"line":71,"column":45}},"37":{"start":{"line":72,"column":8},"end":{"line":72,"column":37}},"38":{"start":{"line":73,"column":8},"end":{"line":73,"column":40}},"39":{"start":{"line":74,"column":8},"end":{"line":74,"column":26}},"40":{"start":{"line":75,"column":8},"end":{"line":75,"column":35}},"41":{"start":{"line":78,"column":6},"end":{"line":78,"column":38}},"42":{"start":{"line":83,"column":15},"end":{"line":83,"column":28}},"43":{"start":{"line":84,"column":26},"end":{"line":84,"column":34}},"44":{"start":{"line":85,"column":4},"end":{"line":105,"column":5}},"45":{"start":{"line":86,"column":19},"end":{"line":86,"column":56}},"46":{"start":{"line":87,"column":6},"end":{"line":102,"column":7}},"47":{"start":{"line":88,"column":8},"end":{"line":88,"column":60}},"48":{"start":{"line":90,"column":8},"end":{"line":100,"column":9}},"49":{"start":{"line":90,"column":21},"end":{"line":90,"column":22}},"50":{"start":{"line":91,"column":10},"end":{"line":99,"column":11}},"51":{"start":{"line":92,"column":12},"end":{"line":92,"column":42}},"52":{"start":{"line":93,"column":12},"end":{"line":93,"column":44}},"53":{"start":{"line":94,"column":12},"end":{"line":94,"column":46}},"54":{"start":{"line":95,"column":12},"end":{"line":95,"column":45}},"55":{"start":{"line":96,"column":12},"end":{"line":96,"column":30}},"56":{"start":{"line":97,"column":12},"end":{"line":97,"column":39}},"57":{"start":{"line":98,"column":12},"end":{"line":98,"column":19}},"58":{"start":{"line":101,"column":8},"end":{"line":101,"column":63}},"59":{"start":{"line":104,"column":6},"end":{"line":104,"column":38}},"60":{"start":{"line":109,"column":15},"end":{"line":109,"column":28}},"61":{"start":{"line":110,"column":4},"end":{"line":124,"column":5}},"62":{"start":{"line":111,"column":19},"end":{"line":111,"column":56}},"63":{"start":{"line":112,"column":6},"end":{"line":121,"column":7}},"64":{"start":{"line":113,"column":8},"end":{"line":113,"column":60}},"65":{"start":{"line":115,"column":8},"end":{"line":115,"column":30}},"66":{"start":{"line":116,"column":8},"end":{"line":116,"column":32}},"67":{"start":{"line":117,"column":8},"end":{"line":117,"column":34}},"68":{"start":{"line":118,"column":8},"end":{"line":118,"column":33}},"69":{"start":{"line":119,"column":8},"end":{"line":119,"column":26}},"70":{"start":{"line":120,"column":8},"end":{"line":120,"column":35}},"71":{"start":{"line":123,"column":6},"end":{"line":123,"column":38}},"72":{"start":{"line":128,"column":15},"end":{"line":128,"column":28}},"73":{"start":{"line":129,"column":38},"end":{"line":129,"column":46}},"74":{"start":{"line":130,"column":4},"end":{"line":150,"column":5}},"75":{"start":{"line":131,"column":19},"end":{"line":131,"column":56}},"76":{"start":{"line":132,"column":6},"end":{"line":147,"column":7}},"77":{"start":{"line":133,"column":8},"end":{"line":133,"column":60}},"78":{"start":{"line":135,"column":27},"end":{"line":136,"column":null}},"79":{"start":{"line":136,"column":10},"end":{"line":136,"column":42}},"80":{"start":{"line":138,"column":8},"end":{"line":141,"column":9}},"81":{"start":{"line":139,"column":10},"end":{"line":139,"column":68}},"82":{"start":{"line":140,"column":10},"end":{"line":140,"column":17}},"83":{"start":{"line":142,"column":21},"end":{"line":142,"column":45}},"84":{"start":{"line":143,"column":25},"end":{"line":143,"column":56}},"85":{"start":{"line":144,"column":8},"end":{"line":144,"column":34}},"86":{"start":{"line":145,"column":8},"end":{"line":145,"column":26}},"87":{"start":{"line":146,"column":8},"end":{"line":146,"column":35}},"88":{"start":{"line":149,"column":6},"end":{"line":149,"column":38}},"89":{"start":{"line":154,"column":15},"end":{"line":154,"column":28}},"90":{"start":{"line":155,"column":23},"end":{"line":155,"column":31}},"91":{"start":{"line":156,"column":4},"end":{"line":174,"column":5}},"92":{"start":{"line":157,"column":19},"end":{"line":157,"column":56}},"93":{"start":{"line":158,"column":6},"end":{"line":171,"column":7}},"94":{"start":{"line":159,"column":8},"end":{"line":159,"column":60}},"95":{"start":{"line":161,"column":27},"end":{"line":162,"column":null}},"96":{"start":{"line":162,"column":10},"end":{"line":162,"column":42}},"97":{"start":{"line":164,"column":8},"end":{"line":167,"column":9}},"98":{"start":{"line":165,"column":10},"end":{"line":165,"column":64}},"99":{"start":{"line":166,"column":10},"end":{"line":166,"column":17}},"100":{"start":{"line":168,"column":8},"end":{"line":168,"column":61}},"101":{"start":{"line":169,"column":8},"end":{"line":169,"column":26}},"102":{"start":{"line":170,"column":8},"end":{"line":170,"column":35}},"103":{"start":{"line":173,"column":6},"end":{"line":173,"column":38}},"104":{"start":{"line":178,"column":20},"end":{"line":178,"column":36}},"105":{"start":{"line":179,"column":19},"end":{"line":179,"column":32}},"106":{"start":{"line":180,"column":4},"end":{"line":183,"column":5}},"107":{"start":{"line":181,"column":6},"end":{"line":181,"column":55}},"108":{"start":{"line":182,"column":6},"end":{"line":182,"column":13}},"109":{"start":{"line":184,"column":17},"end":{"line":184,"column":58}},"110":{"start":{"line":185,"column":4},"end":{"line":188,"column":5}},"111":{"start":{"line":186,"column":6},"end":{"line":186,"column":58}},"112":{"start":{"line":187,"column":6},"end":{"line":187,"column":13}},"113":{"start":{"line":189,"column":20},"end":{"line":189,"column":65}},"114":{"start":{"line":190,"column":4},"end":{"line":193,"column":5}},"115":{"start":{"line":191,"column":6},"end":{"line":191,"column":60}},"116":{"start":{"line":192,"column":6},"end":{"line":192,"column":13}},"117":{"start":{"line":194,"column":4},"end":{"line":194,"column":11}},"118":{"start":{"line":198,"column":19},"end":{"line":198,"column":34}},"119":{"start":{"line":199,"column":19},"end":{"line":199,"column":32}},"120":{"start":{"line":200,"column":4},"end":{"line":203,"column":5}},"121":{"start":{"line":201,"column":6},"end":{"line":201,"column":54}},"122":{"start":{"line":202,"column":6},"end":{"line":202,"column":13}},"123":{"start":{"line":204,"column":17},"end":{"line":204,"column":58}},"124":{"start":{"line":205,"column":4},"end":{"line":208,"column":5}},"125":{"start":{"line":206,"column":6},"end":{"line":206,"column":58}},"126":{"start":{"line":207,"column":6},"end":{"line":207,"column":13}},"127":{"start":{"line":209,"column":23},"end":{"line":210,"column":null}},"128":{"start":{"line":210,"column":6},"end":{"line":210,"column":38}},"129":{"start":{"line":212,"column":4},"end":{"line":215,"column":5}},"130":{"start":{"line":213,"column":6},"end":{"line":213,"column":60}},"131":{"start":{"line":214,"column":6},"end":{"line":214,"column":13}},"132":{"start":{"line":216,"column":4},"end":{"line":216,"column":11}},"133":{"start":{"line":220,"column":0},"end":{"line":220,"column":36}}},"fnMap":{"0":{"name":"(anonymous_8)","decl":{"start":{"line":8,"column":2},"end":{"line":8,"column":null}},"loc":{"start":{"line":8,"column":2},"end":{"line":10,"column":3}}},"1":{"name":"(anonymous_9)","decl":{"start":{"line":12,"column":8},"end":{"line":12,"column":14}},"loc":{"start":{"line":12,"column":42},"end":{"line":29,"column":null}}},"2":{"name":"(anonymous_11)","decl":{"start":{"line":31,"column":8},"end":{"line":31,"column":14}},"loc":{"start":{"line":31,"column":42},"end":{"line":51,"column":null}}},"3":{"name":"(anonymous_13)","decl":{"start":{"line":53,"column":8},"end":{"line":53,"column":18}},"loc":{"start":{"line":53,"column":46},"end":{"line":80,"column":null}}},"4":{"name":"(anonymous_15)","decl":{"start":{"line":82,"column":8},"end":{"line":82,"column":21}},"loc":{"start":{"line":82,"column":49},"end":{"line":106,"column":null}}},"5":{"name":"(anonymous_17)","decl":{"start":{"line":108,"column":8},"end":{"line":108,"column":17}},"loc":{"start":{"line":108,"column":45},"end":{"line":125,"column":null}}},"6":{"name":"(anonymous_19)","decl":{"start":{"line":127,"column":8},"end":{"line":127,"column":15}},"loc":{"start":{"line":127,"column":43},"end":{"line":151,"column":null}}},"7":{"name":"(anonymous_21)","decl":{"start":{"line":135,"column":49},"end":{"line":135,"column":50}},"loc":{"start":{"line":136,"column":10},"end":{"line":136,"column":42}}},"8":{"name":"(anonymous_22)","decl":{"start":{"line":153,"column":8},"end":{"line":153,"column":18}},"loc":{"start":{"line":153,"column":46},"end":{"line":175,"column":null}}},"9":{"name":"(anonymous_24)","decl":{"start":{"line":161,"column":49},"end":{"line":161,"column":50}},"loc":{"start":{"line":162,"column":10},"end":{"line":162,"column":42}}},"10":{"name":"(anonymous_25)","decl":{"start":{"line":177,"column":8},"end":{"line":177,"column":23}},"loc":{"start":{"line":177,"column":62},"end":{"line":195,"column":null}}},"11":{"name":"(anonymous_27)","decl":{"start":{"line":197,"column":8},"end":{"line":197,"column":22}},"loc":{"start":{"line":197,"column":61},"end":{"line":217,"column":null}}},"12":{"name":"(anonymous_29)","decl":{"start":{"line":209,"column":45},"end":{"line":209,"column":46}},"loc":{"start":{"line":210,"column":6},"end":{"line":210,"column":38}}}},"branchMap":{"0":{"loc":{"start":{"line":21,"column":6},"end":{"line":25,"column":7}},"type":"if","locations":[{"start":{"line":21,"column":6},"end":{"line":25,"column":7}},{"start":{"line":23,"column":13},"end":{"line":25,"column":7}}]},"1":{"loc":{"start":{"line":58,"column":6},"end":{"line":76,"column":7}},"type":"if","locations":[{"start":{"line":58,"column":6},"end":{"line":76,"column":7}},{"start":{"line":60,"column":13},"end":{"line":76,"column":7}}]},"2":{"loc":{"start":{"line":62,"column":10},"end":{"line":68,"column":11}},"type":"if","locations":[{"start":{"line":62,"column":10},"end":{"line":68,"column":11}}]},"3":{"loc":{"start":{"line":87,"column":6},"end":{"line":102,"column":7}},"type":"if","locations":[{"start":{"line":87,"column":6},"end":{"line":102,"column":7}},{"start":{"line":89,"column":13},"end":{"line":102,"column":7}}]},"4":{"loc":{"start":{"line":91,"column":10},"end":{"line":99,"column":11}},"type":"if","locations":[{"start":{"line":91,"column":10},"end":{"line":99,"column":11}}]},"5":{"loc":{"start":{"line":112,"column":6},"end":{"line":121,"column":7}},"type":"if","locations":[{"start":{"line":112,"column":6},"end":{"line":121,"column":7}},{"start":{"line":114,"column":13},"end":{"line":121,"column":7}}]},"6":{"loc":{"start":{"line":132,"column":6},"end":{"line":147,"column":7}},"type":"if","locations":[{"start":{"line":132,"column":6},"end":{"line":147,"column":7}},{"start":{"line":134,"column":13},"end":{"line":147,"column":7}}]},"7":{"loc":{"start":{"line":138,"column":8},"end":{"line":141,"column":9}},"type":"if","locations":[{"start":{"line":138,"column":8},"end":{"line":141,"column":9}}]},"8":{"loc":{"start":{"line":158,"column":6},"end":{"line":171,"column":7}},"type":"if","locations":[{"start":{"line":158,"column":6},"end":{"line":171,"column":7}},{"start":{"line":160,"column":13},"end":{"line":171,"column":7}}]},"9":{"loc":{"start":{"line":164,"column":8},"end":{"line":167,"column":9}},"type":"if","locations":[{"start":{"line":164,"column":8},"end":{"line":167,"column":9}}]},"10":{"loc":{"start":{"line":180,"column":4},"end":{"line":183,"column":5}},"type":"if","locations":[{"start":{"line":180,"column":4},"end":{"line":183,"column":5}}]},"11":{"loc":{"start":{"line":185,"column":4},"end":{"line":188,"column":5}},"type":"if","locations":[{"start":{"line":185,"column":4},"end":{"line":188,"column":5}}]},"12":{"loc":{"start":{"line":190,"column":4},"end":{"line":193,"column":5}},"type":"if","locations":[{"start":{"line":190,"column":4},"end":{"line":193,"column":5}}]},"13":{"loc":{"start":{"line":200,"column":4},"end":{"line":203,"column":5}},"type":"if","locations":[{"start":{"line":200,"column":4},"end":{"line":203,"column":5}}]},"14":{"loc":{"start":{"line":205,"column":4},"end":{"line":208,"column":5}},"type":"if","locations":[{"start":{"line":205,"column":4},"end":{"line":208,"column":5}}]},"15":{"loc":{"start":{"line":212,"column":4},"end":{"line":215,"column":5}},"type":"if","locations":[{"start":{"line":212,"column":4},"end":{"line":215,"column":5}}]}},"s":{"0":1,"1":1,"2":1,"3":1,"4":0,"5":0,"6":0,"7":0,"8":0,"9":0,"10":0,"11":0,"12":0,"13":0,"14":0,"15":0,"16":0,"17":0,"18":0,"19":0,"20":0,"21":0,"22":0,"23":0,"24":0,"25":0,"26":0,"27":0,"28":0,"29":0,"30":0,"31":0,"32":0,"33":0,"34":0,"35":0,"36":0,"37":0,"38":0,"39":0,"40":0,"41":0,"42":0,"43":0,"44":0,"45":0,"46":0,"47":0,"48":0,"49":0,"50":0,"51":0,"52":0,"53":0,"54":0,"55":0,"56":0,"57":0,"58":0,"59":0,"60":0,"61":0,"62":0,"63":0,"64":0,"65":0,"66":0,"67":0,"68":0,"69":0,"70":0,"71":0,"72":0,"73":0,"74":0,"75":0,"76":0,"77":0,"78":0,"79":0,"80":0,"81":0,"82":0,"83":0,"84":0,"85":0,"86":0,"87":0,"88":0,"89":0,"90":0,"91":0,"92":0,"93":0,"94":0,"95":0,"96":0,"97":0,"98":0,"99":0,"100":0,"101":0,"102":0,"103":0,"104":0,"105":0,"106":0,"107":0,"108":0,"109":0,"110":0,"111":0,"112":0,"113":0,"114":0,"115":0,"116":0,"117":0,"118":0,"119":0,"120":0,"121":0,"122":0,"123":0,"124":0,"125":0,"126":0,"127":0,"128":0,"129":0,"130":0,"131":0,"132":0,"133":1},"f":{"0":1,"1":0,"2":0,"3":0,"4":0,"5":0,"6":0,"7":0,"8":0,"9":0,"10":0,"11":0,"12":0},"b":{"0":[0,0],"1":[0,0],"2":[0],"3":[0,0],"4":[0],"5":[0,0],"6":[0,0],"7":[0],"8":[0,0],"9":[0],"10":[0],"11":[0],"12":[0],"13":[0],"14":[0],"15":[0]}}
,"C:\\Users\\omerv\\Desktop\\Groceries app\\Groceries_B\\src\\controllers\\categoryController.ts": {"path":"C:\\Users\\omerv\\Desktop\\Groceries app\\Groceries_B\\src\\controllers\\categoryController.ts","statementMap":{"0":{"start":{"line":1,"column":0},"end":{"line":1,"column":65}},"1":{"start":{"line":2,"column":0},"end":{"line":2,"column":46}},"2":{"start":{"line":8,"column":8},"end":{"line":8,"column":37}},"3":{"start":{"line":12,"column":19},"end":{"line":12,"column":32}},"4":{"start":{"line":13,"column":23},"end":{"line":13,"column":31}},"5":{"start":{"line":14,"column":8},"end":{"line":23,"column":9}},"6":{"start":{"line":15,"column":25},"end":{"line":15,"column":91}},"7":{"start":{"line":16,"column":12},"end":{"line":20,"column":13}},"8":{"start":{"line":17,"column":16},"end":{"line":17,"column":43}},"9":{"start":{"line":19,"column":16},"end":{"line":19,"column":66}},"10":{"start":{"line":22,"column":12},"end":{"line":22,"column":42}},"11":{"start":{"line":27,"column":0},"end":{"line":27,"column":40}}},"fnMap":{"0":{"name":"(anonymous_8)","decl":{"start":{"line":7,"column":4},"end":{"line":7,"column":null}},"loc":{"start":{"line":7,"column":4},"end":{"line":9,"column":5}}},"1":{"name":"(anonymous_9)","decl":{"start":{"line":11,"column":10},"end":{"line":11,"column":16}},"loc":{"start":{"line":11,"column":44},"end":{"line":24,"column":null}}}},"branchMap":{"0":{"loc":{"start":{"line":16,"column":12},"end":{"line":20,"column":13}},"type":"if","locations":[{"start":{"line":16,"column":12},"end":{"line":20,"column":13}},{"start":{"line":18,"column":19},"end":{"line":20,"column":13}}]}},"s":{"0":1,"1":1,"2":1,"3":0,"4":0,"5":0,"6":0,"7":0,"8":0,"9":0,"10":0,"11":1},"f":{"0":1,"1":0},"b":{"0":[0,0]}}
,"C:\\Users\\omerv\\Desktop\\Groceries app\\Groceries_B\\src\\controllers\\productController.ts": {"path":"C:\\Users\\omerv\\Desktop\\Groceries app\\Groceries_B\\src\\controllers\\productController.ts","statementMap":{"0":{"start":{"line":2,"column":0},"end":{"line":2,"column":62}},"1":{"start":{"line":3,"column":0},"end":{"line":3,"column":46}},"2":{"start":{"line":7,"column":8},"end":{"line":7,"column":40}},"3":{"start":{"line":12,"column":19},"end":{"line":12,"column":32}},"4":{"start":{"line":13,"column":63},"end":{"line":13,"column":71}},"5":{"start":{"line":14,"column":8},"end":{"line":23,"column":9}},"6":{"start":{"line":15,"column":25},"end":{"line":15,"column":131}},"7":{"start":{"line":16,"column":12},"end":{"line":20,"column":13}},"8":{"start":{"line":17,"column":16},"end":{"line":17,"column":43}},"9":{"start":{"line":19,"column":16},"end":{"line":19,"column":66}},"10":{"start":{"line":22,"column":12},"end":{"line":22,"column":42}},"11":{"start":{"line":27,"column":0},"end":{"line":27,"column":39}}},"fnMap":{"0":{"name":"(anonymous_8)","decl":{"start":{"line":6,"column":4},"end":{"line":6,"column":null}},"loc":{"start":{"line":6,"column":4},"end":{"line":8,"column":5}}},"1":{"name":"(anonymous_9)","decl":{"start":{"line":11,"column":10},"end":{"line":11,"column":16}},"loc":{"start":{"line":11,"column":44},"end":{"line":24,"column":null}}}},"branchMap":{"0":{"loc":{"start":{"line":16,"column":12},"end":{"line":20,"column":13}},"type":"if","locations":[{"start":{"line":16,"column":12},"end":{"line":20,"column":13}},{"start":{"line":18,"column":19},"end":{"line":20,"column":13}}]}},"s":{"0":1,"1":1,"2":1,"3":0,"4":0,"5":0,"6":0,"7":0,"8":0,"9":0,"10":0,"11":1},"f":{"0":1,"1":0},"b":{"0":[0,0]}}
,"C:\\Users\\omerv\\Desktop\\Groceries app\\Groceries_B\\src\\models\\cartModel.ts": {"path":"C:\\Users\\omerv\\Desktop\\Groceries app\\Groceries_B\\src\\models\\cartModel.ts","statementMap":{"0":{"start":{"line":1,"column":0},"end":{"line":1,"column":32}},"1":{"start":{"line":14,"column":19},"end":{"line":43,"column":2}},"2":{"start":{"line":45,"column":0},"end":{"line":45,"column":55}}},"fnMap":{},"branchMap":{},"s":{"0":1,"1":1,"2":1},"f":{},"b":{}}
,"C:\\Users\\omerv\\Desktop\\Groceries app\\Groceries_B\\src\\models\\categoryModel.ts": {"path":"C:\\Users\\omerv\\Desktop\\Groceries app\\Groceries_B\\src\\models\\categoryModel.ts","statementMap":{"0":{"start":{"line":1,"column":0},"end":{"line":1,"column":32}},"1":{"start":{"line":3,"column":23},"end":{"line":9,"column":2}},"2":{"start":{"line":16,"column":0},"end":{"line":16,"column":63}}},"fnMap":{},"branchMap":{},"s":{"0":1,"1":1,"2":1},"f":{},"b":{}}
,"C:\\Users\\omerv\\Desktop\\Groceries app\\Groceries_B\\src\\models\\productModel.ts": {"path":"C:\\Users\\omerv\\Desktop\\Groceries app\\Groceries_B\\src\\models\\productModel.ts","statementMap":{"0":{"start":{"line":1,"column":0},"end":{"line":1,"column":32}},"1":{"start":{"line":4,"column":22},"end":{"line":27,"column":2}},"2":{"start":{"line":38,"column":0},"end":{"line":38,"column":61}}},"fnMap":{},"branchMap":{},"s":{"0":1,"1":1,"2":1},"f":{},"b":{}}
,"C:\\Users\\omerv\\Desktop\\Groceries app\\Groceries_B\\src\\models\\userModel.ts": {"path":"C:\\Users\\omerv\\Desktop\\Groceries app\\Groceries_B\\src\\models\\userModel.ts","statementMap":{"0":{"start":{"line":1,"column":0},"end":{"line":1,"column":32}},"1":{"start":{"line":12,"column":19},"end":{"line":35,"column":2}},"2":{"start":{"line":37,"column":0},"end":{"line":37,"column":55}}},"fnMap":{},"branchMap":{},"s":{"0":1,"1":1,"2":1},"f":{},"b":{}}
,"C:\\Users\\omerv\\Desktop\\Groceries app\\Groceries_B\\src\\routes\\authRoutes.ts": {"path":"C:\\Users\\omerv\\Desktop\\Groceries app\\Groceries_B\\src\\routes\\authRoutes.ts","statementMap":{"0":{"start":{"line":2,"column":0},"end":{"line":2,"column":59}},"1":{"start":{"line":3,"column":0},"end":{"line":3,"column":30}},"2":{"start":{"line":4,"column":19},"end":{"line":4,"column":35}},"3":{"start":{"line":6,"column":0},"end":{"line":10,"column":null}},"4":{"start":{"line":12,"column":0},"end":{"line":12,"column":26}}},"fnMap":{},"branchMap":{},"s":{"0":1,"1":1,"2":1,"3":1,"4":1},"f":{},"b":{}}
,"C:\\Users\\omerv\\Desktop\\Groceries app\\Groceries_B\\src\\routes\\cartRoutes.ts": {"path":"C:\\Users\\omerv\\Desktop\\Groceries app\\Groceries_B\\src\\routes\\cartRoutes.ts","statementMap":{"0":{"start":{"line":1,"column":0},"end":{"line":1,"column":59}},"1":{"start":{"line":2,"column":0},"end":{"line":2,"column":30}},"2":{"start":{"line":3,"column":19},"end":{"line":3,"column":35}},"3":{"start":{"line":5,"column":0},"end":{"line":15,"column":null}},"4":{"start":{"line":17,"column":0},"end":{"line":17,"column":26}}},"fnMap":{},"branchMap":{},"s":{"0":1,"1":1,"2":1,"3":1,"4":1},"f":{},"b":{}}
,"C:\\Users\\omerv\\Desktop\\Groceries app\\Groceries_B\\src\\routes\\categoryRoutes.ts": {"path":"C:\\Users\\omerv\\Desktop\\Groceries app\\Groceries_B\\src\\routes\\categoryRoutes.ts","statementMap":{"0":{"start":{"line":1,"column":0},"end":{"line":1,"column":30}},"1":{"start":{"line":2,"column":0},"end":{"line":2,"column":67}},"2":{"start":{"line":3,"column":23},"end":{"line":3,"column":39}},"3":{"start":{"line":5,"column":0},"end":{"line":10,"column":null}},"4":{"start":{"line":12,"column":0},"end":{"line":12,"column":30}}},"fnMap":{},"branchMap":{},"s":{"0":1,"1":1,"2":1,"3":1,"4":1},"f":{},"b":{}}
,"C:\\Users\\omerv\\Desktop\\Groceries app\\Groceries_B\\src\\routes\\productRoutes.ts": {"path":"C:\\Users\\omerv\\Desktop\\Groceries app\\Groceries_B\\src\\routes\\productRoutes.ts","statementMap":{"0":{"start":{"line":2,"column":0},"end":{"line":2,"column":65}},"1":{"start":{"line":3,"column":0},"end":{"line":3,"column":30}},"2":{"start":{"line":4,"column":22},"end":{"line":4,"column":38}},"3":{"start":{"line":6,"column":0},"end":{"line":11,"column":null}},"4":{"start":{"line":13,"column":0},"end":{"line":13,"column":29}}},"fnMap":{},"branchMap":{},"s":{"0":1,"1":1,"2":1,"3":1,"4":1},"f":{},"b":{}}
}
