{"C:\\Users\\omerv\\Desktop\\Groceries app\\Groceries_B\\src\\server.ts": {"path":"C:\\Users\\omerv\\Desktop\\Groceries app\\Groceries_B\\src\\server.ts","statementMap":{"0":{"start":{"line":1,"column":0},"end":{"line":1,"column":43}},"1":{"start":{"line":2,"column":0},"end":{"line":2,"column":37}},"2":{"start":{"line":3,"column":0},"end":{"line":3,"column":28}},"3":{"start":{"line":5,"column":0},"end":{"line":5,"column":16}},"4":{"start":{"line":6,"column":12},"end":{"line":6,"column":21}},"5":{"start":{"line":7,"column":0},"end":{"line":7,"column":27}},"6":{"start":{"line":8,"column":0},"end":{"line":8,"column":51}},"7":{"start":{"line":11,"column":0},"end":{"line":11,"column":51}},"8":{"start":{"line":12,"column":0},"end":{"line":12,"column":53}},"9":{"start":{"line":13,"column":0},"end":{"line":13,"column":45}},"10":{"start":{"line":14,"column":0},"end":{"line":14,"column":45}},"11":{"start":{"line":15,"column":0},"end":{"line":15,"column":36}},"12":{"start":{"line":16,"column":0},"end":{"line":16,"column":39}},"13":{"start":{"line":17,"column":0},"end":{"line":17,"column":30}},"14":{"start":{"line":18,"column":0},"end":{"line":18,"column":29}},"15":{"start":{"line":21,"column":0},"end":{"line":21,"column":32}},"16":{"start":{"line":22,"column":18},"end":{"line":22,"column":80}},"17":{"start":{"line":23,"column":16},"end":{"line":40,"column":null}},"18":{"start":{"line":23,"column":27},"end":{"line":40,"column":null}},"19":{"start":{"line":24,"column":4},"end":{"line":39,"column":null}},"20":{"start":{"line":25,"column":8},"end":{"line":38,"column":9}},"21":{"start":{"line":26,"column":12},"end":{"line":26,"column":null}},"22":{"start":{"line":28,"column":12},"end":{"line":37,"column":19}},"23":{"start":{"line":31,"column":20},"end":{"line":31,"column":56}},"24":{"start":{"line":32,"column":20},"end":{"line":32,"column":33}},"25":{"start":{"line":35,"column":20},"end":{"line":35,"column":43}},"26":{"start":{"line":36,"column":20},"end":{"line":36,"column":58}},"27":{"start":{"line":42,"column":0},"end":{"line":42,"column":23}}},"fnMap":{"0":{"name":"(anonymous_8)","decl":{"start":{"line":23,"column":16},"end":{"line":23,"column":25}},"loc":{"start":{"line":23,"column":27},"end":{"line":40,"column":null}}},"1":{"name":"(anonymous_9)","decl":{"start":{"line":23,"column":27},"end":{"line":23,"column":null}},"loc":{"start":{"line":23,"column":27},"end":{"line":40,"column":1}}},"2":{"name":"(anonymous_10)","decl":{"start":{"line":24,"column":32},"end":{"line":24,"column":33}},"loc":{"start":{"line":24,"column":52},"end":{"line":39,"column":5}}},"3":{"name":"(anonymous_11)","decl":{"start":{"line":30,"column":22},"end":{"line":30,"column":25}},"loc":{"start":{"line":30,"column":27},"end":{"line":33,"column":17}}},"4":{"name":"(anonymous_12)","decl":{"start":{"line":34,"column":23},"end":{"line":34,"column":24}},"loc":{"start":{"line":34,"column":33},"end":{"line":37,"column":17}}}},"branchMap":{"0":{"loc":{"start":{"line":22,"column":18},"end":{"line":22,"column":80}},"type":"binary-expr","locations":[{"start":{"line":22,"column":18},"end":{"line":22,"column":39}},{"start":{"line":22,"column":43},"end":{"line":22,"column":80}}]},"1":{"loc":{"start":{"line":25,"column":8},"end":{"line":38,"column":9}},"type":"if","locations":[{"start":{"line":25,"column":8},"end":{"line":38,"column":9}},{"start":{"line":27,"column":15},"end":{"line":38,"column":9}}]}},"s":{"0":1,"1":1,"2":1,"3":1,"4":1,"5":1,"6":1,"7":1,"8":1,"9":1,"10":1,"11":1,"12":1,"13":1,"14":1,"15":1,"16":1,"17":1,"18":1,"19":1,"20":1,"21":0,"22":1,"23":1,"24":1,"25":0,"26":0,"27":1},"f":{"0":1,"1":1,"2":1,"3":1,"4":0},"b":{"0":[1,0],"1":[0,1]}}
,"C:\\Users\\omerv\\Desktop\\Groceries app\\Groceries_B\\src\\controllers\\authController.ts": {"path":"C:\\Users\\omerv\\Desktop\\Groceries app\\Groceries_B\\src\\controllers\\authController.ts","statementMap":{"0":{"start":{"line":2,"column":0},"end":{"line":2,"column":55}},"1":{"start":{"line":3,"column":0},"end":{"line":3,"column":31}},"2":{"start":{"line":4,"column":0},"end":{"line":4,"column":28}},"3":{"start":{"line":6,"column":17},"end":{"line":22,"column":2}},"4":{"start":{"line":6,"column":55},"end":{"line":22,"column":2}},"5":{"start":{"line":7,"column":40},"end":{"line":7,"column":48}},"6":{"start":{"line":8,"column":2},"end":{"line":21,"column":3}},"7":{"start":{"line":9,"column":17},"end":{"line":9,"column":51}},"8":{"start":{"line":10,"column":4},"end":{"line":13,"column":5}},"9":{"start":{"line":11,"column":6},"end":{"line":11,"column":63}},"10":{"start":{"line":12,"column":6},"end":{"line":12,"column":13}},"11":{"start":{"line":14,"column":17},"end":{"line":14,"column":41}},"12":{"start":{"line":15,"column":25},"end":{"line":15,"column":58}},"13":{"start":{"line":16,"column":20},"end":{"line":16,"column":78}},"14":{"start":{"line":17,"column":4},"end":{"line":17,"column":25}},"15":{"start":{"line":18,"column":4},"end":{"line":18,"column":36}},"16":{"start":{"line":20,"column":4},"end":{"line":20,"column":36}},"17":{"start":{"line":24,"column":14},"end":{"line":72,"column":2}},"18":{"start":{"line":24,"column":52},"end":{"line":72,"column":2}},"19":{"start":{"line":25,"column":30},"end":{"line":25,"column":38}},"20":{"start":{"line":26,"column":2},"end":{"line":71,"column":3}},"21":{"start":{"line":27,"column":17},"end":{"line":27,"column":58}},"22":{"start":{"line":28,"column":4},"end":{"line":31,"column":5}},"23":{"start":{"line":29,"column":6},"end":{"line":29,"column":58}},"24":{"start":{"line":30,"column":6},"end":{"line":30,"column":13}},"25":{"start":{"line":32,"column":26},"end":{"line":32,"column":71}},"26":{"start":{"line":33,"column":4},"end":{"line":36,"column":5}},"27":{"start":{"line":34,"column":6},"end":{"line":34,"column":60}},"28":{"start":{"line":35,"column":6},"end":{"line":35,"column":13}},"29":{"start":{"line":37,"column":31},"end":{"line":37,"column":63}},"30":{"start":{"line":38,"column":30},"end":{"line":38,"column":61}},"31":{"start":{"line":39,"column":25},"end":{"line":39,"column":51}},"32":{"start":{"line":40,"column":4},"end":{"line":43,"column":5}},"33":{"start":{"line":41,"column":6},"end":{"line":41,"column":59}},"34":{"start":{"line":42,"column":6},"end":{"line":42,"column":13}},"35":{"start":{"line":44,"column":23},"end":{"line":44,"column":47}},"36":{"start":{"line":45,"column":24},"end":{"line":51,"column":null}},"37":{"start":{"line":53,"column":25},"end":{"line":59,"column":null}},"38":{"start":{"line":61,"column":4},"end":{"line":63,"column":5}},"39":{"start":{"line":62,"column":6},"end":{"line":62,"column":23}},"40":{"start":{"line":64,"column":4},"end":{"line":64,"column":35}},"41":{"start":{"line":65,"column":4},"end":{"line":65,"column":22}},"42":{"start":{"line":66,"column":4},"end":{"line":68,"column":70}},"43":{"start":{"line":70,"column":4},"end":{"line":70,"column":36}},"44":{"start":{"line":74,"column":15},"end":{"line":113,"column":2}},"45":{"start":{"line":74,"column":53},"end":{"line":113,"column":2}},"46":{"start":{"line":75,"column":2},"end":{"line":112,"column":3}},"47":{"start":{"line":76,"column":22},"end":{"line":76,"column":50}},"48":{"start":{"line":77,"column":25},"end":{"line":77,"column":61}},"49":{"start":{"line":78,"column":4},"end":{"line":81,"column":5}},"50":{"start":{"line":79,"column":6},"end":{"line":79,"column":43}},"51":{"start":{"line":80,"column":6},"end":{"line":80,"column":13}},"52":{"start":{"line":82,"column":4},"end":{"line":85,"column":5}},"53":{"start":{"line":83,"column":6},"end":{"line":83,"column":52}},"54":{"start":{"line":84,"column":6},"end":{"line":84,"column":13}},"55":{"start":{"line":86,"column":4},"end":{"line":109,"column":6}},"56":{"start":{"line":89,"column":59},"end":{"line":108,"column":null}},"57":{"start":{"line":90,"column":8},"end":{"line":93,"column":9}},"58":{"start":{"line":91,"column":10},"end":{"line":91,"column":40}},"59":{"start":{"line":92,"column":10},"end":{"line":92,"column":17}},"60":{"start":{"line":94,"column":21},"end":{"line":94,"column":71}},"61":{"start":{"line":95,"column":8},"end":{"line":98,"column":9}},"62":{"start":{"line":96,"column":10},"end":{"line":96,"column":47}},"63":{"start":{"line":97,"column":10},"end":{"line":97,"column":17}},"64":{"start":{"line":99,"column":8},"end":{"line":104,"column":9}},"65":{"start":{"line":100,"column":10},"end":{"line":100,"column":27}},"66":{"start":{"line":101,"column":10},"end":{"line":101,"column":28}},"67":{"start":{"line":102,"column":10},"end":{"line":102,"column":52}},"68":{"start":{"line":103,"column":10},"end":{"line":103,"column":17}},"69":{"start":{"line":105,"column":8},"end":{"line":105,"column":76}},"70":{"start":{"line":105,"column":52},"end":{"line":105,"column":74}},"71":{"start":{"line":106,"column":8},"end":{"line":106,"column":26}},"72":{"start":{"line":107,"column":8},"end":{"line":107,"column":43}},"73":{"start":{"line":111,"column":4},"end":{"line":111,"column":32}},"74":{"start":{"line":119,"column":16},"end":{"line":188,"column":2}},"75":{"start":{"line":119,"column":54},"end":{"line":188,"column":2}},"76":{"start":{"line":120,"column":20},"end":{"line":120,"column":48}},"77":{"start":{"line":121,"column":23},"end":{"line":121,"column":59}},"78":{"start":{"line":122,"column":2},"end":{"line":125,"column":3}},"79":{"start":{"line":123,"column":4},"end":{"line":123,"column":41}},"80":{"start":{"line":124,"column":4},"end":{"line":124,"column":11}},"81":{"start":{"line":126,"column":2},"end":{"line":187,"column":3}},"82":{"start":{"line":127,"column":4},"end":{"line":130,"column":5}},"83":{"start":{"line":128,"column":6},"end":{"line":128,"column":52}},"84":{"start":{"line":129,"column":6},"end":{"line":129,"column":13}},"85":{"start":{"line":131,"column":4},"end":{"line":184,"column":6}},"86":{"start":{"line":134,"column":59},"end":{"line":183,"column":null}},"87":{"start":{"line":135,"column":8},"end":{"line":138,"column":9}},"88":{"start":{"line":136,"column":10},"end":{"line":136,"column":54}},"89":{"start":{"line":137,"column":10},"end":{"line":137,"column":17}},"90":{"start":{"line":139,"column":21},"end":{"line":139,"column":71}},"91":{"start":{"line":140,"column":8},"end":{"line":143,"column":9}},"92":{"start":{"line":141,"column":10},"end":{"line":141,"column":44}},"93":{"start":{"line":142,"column":10},"end":{"line":142,"column":17}},"94":{"start":{"line":144,"column":8},"end":{"line":147,"column":9}},"95":{"start":{"line":145,"column":10},"end":{"line":145,"column":44}},"96":{"start":{"line":146,"column":10},"end":{"line":146,"column":17}},"97":{"start":{"line":148,"column":8},"end":{"line":153,"column":9}},"98":{"start":{"line":149,"column":10},"end":{"line":149,"column":27}},"99":{"start":{"line":150,"column":10},"end":{"line":150,"column":28}},"100":{"start":{"line":151,"column":10},"end":{"line":151,"column":44}},"101":{"start":{"line":152,"column":10},"end":{"line":152,"column":17}},"102":{"start":{"line":154,"column":8},"end":{"line":161,"column":9}},"103":{"start":{"line":159,"column":10},"end":{"line":159,"column":56}},"104":{"start":{"line":160,"column":10},"end":{"line":160,"column":17}},"105":{"start":{"line":162,"column":23},"end":{"line":162,"column":47}},"106":{"start":{"line":163,"column":27},"end":{"line":169,"column":null}},"107":{"start":{"line":171,"column":32},"end":{"line":176,"column":null}},"108":{"start":{"line":178,"column":8},"end":{"line":178,"column":42}},"109":{"start":{"line":179,"column":8},"end":{"line":179,"column":26}},"110":{"start":{"line":180,"column":8},"end":{"line":182,"column":76}},"111":{"start":{"line":186,"column":4},"end":{"line":186,"column":32}},"112":{"start":{"line":190,"column":22},"end":{"line":211,"column":2}},"113":{"start":{"line":190,"column":71},"end":{"line":211,"column":2}},"114":{"start":{"line":191,"column":22},"end":{"line":191,"column":50}},"115":{"start":{"line":192,"column":16},"end":{"line":192,"column":56}},"116":{"start":{"line":193,"column":2},"end":{"line":196,"column":3}},"117":{"start":{"line":194,"column":4},"end":{"line":194,"column":46}},"118":{"start":{"line":195,"column":4},"end":{"line":195,"column":11}},"119":{"start":{"line":198,"column":2},"end":{"line":201,"column":3}},"120":{"start":{"line":199,"column":4},"end":{"line":199,"column":44}},"121":{"start":{"line":200,"column":4},"end":{"line":200,"column":11}},"122":{"start":{"line":203,"column":2},"end":{"line":210,"column":5}},"123":{"start":{"line":204,"column":4},"end":{"line":207,"column":5}},"124":{"start":{"line":205,"column":6},"end":{"line":205,"column":50}},"125":{"start":{"line":206,"column":6},"end":{"line":206,"column":13}},"126":{"start":{"line":208,"column":4},"end":{"line":208,"column":49}},"127":{"start":{"line":209,"column":4},"end":{"line":209,"column":11}},"128":{"start":{"line":213,"column":0},"end":{"line":213,"column":67}}},"fnMap":{"0":{"name":"(anonymous_8)","decl":{"start":{"line":6,"column":17},"end":{"line":6,"column":24}},"loc":{"start":{"line":6,"column":55},"end":{"line":22,"column":2}}},"1":{"name":"(anonymous_9)","decl":{"start":{"line":6,"column":55},"end":{"line":6,"column":null}},"loc":{"start":{"line":6,"column":55},"end":{"line":22,"column":1}}},"2":{"name":"(anonymous_10)","decl":{"start":{"line":24,"column":14},"end":{"line":24,"column":21}},"loc":{"start":{"line":24,"column":52},"end":{"line":72,"column":2}}},"3":{"name":"(anonymous_11)","decl":{"start":{"line":24,"column":52},"end":{"line":24,"column":null}},"loc":{"start":{"line":24,"column":52},"end":{"line":72,"column":1}}},"4":{"name":"(anonymous_12)","decl":{"start":{"line":74,"column":15},"end":{"line":74,"column":22}},"loc":{"start":{"line":74,"column":53},"end":{"line":113,"column":2}}},"5":{"name":"(anonymous_13)","decl":{"start":{"line":74,"column":53},"end":{"line":74,"column":null}},"loc":{"start":{"line":74,"column":53},"end":{"line":113,"column":1}}},"6":{"name":"(anonymous_14)","decl":{"start":{"line":89,"column":6},"end":{"line":89,"column":13}},"loc":{"start":{"line":89,"column":59},"end":{"line":108,"column":null}}},"7":{"name":"(anonymous_15)","decl":{"start":{"line":89,"column":59},"end":{"line":89,"column":null}},"loc":{"start":{"line":89,"column":59},"end":{"line":108,"column":7}}},"8":{"name":"(anonymous_16)","decl":{"start":{"line":105,"column":41},"end":{"line":105,"column":42}},"loc":{"start":{"line":105,"column":52},"end":{"line":105,"column":74}}},"9":{"name":"(anonymous_17)","decl":{"start":{"line":119,"column":16},"end":{"line":119,"column":23}},"loc":{"start":{"line":119,"column":54},"end":{"line":188,"column":2}}},"10":{"name":"(anonymous_18)","decl":{"start":{"line":119,"column":54},"end":{"line":119,"column":null}},"loc":{"start":{"line":119,"column":54},"end":{"line":188,"column":1}}},"11":{"name":"(anonymous_19)","decl":{"start":{"line":134,"column":6},"end":{"line":134,"column":13}},"loc":{"start":{"line":134,"column":59},"end":{"line":183,"column":null}}},"12":{"name":"(anonymous_20)","decl":{"start":{"line":134,"column":59},"end":{"line":134,"column":null}},"loc":{"start":{"line":134,"column":59},"end":{"line":183,"column":7}}},"13":{"name":"(anonymous_21)","decl":{"start":{"line":190,"column":22},"end":{"line":190,"column":29}},"loc":{"start":{"line":190,"column":71},"end":{"line":211,"column":2}}},"14":{"name":"(anonymous_22)","decl":{"start":{"line":190,"column":71},"end":{"line":190,"column":null}},"loc":{"start":{"line":190,"column":71},"end":{"line":211,"column":1}}},"15":{"name":"(anonymous_23)","decl":{"start":{"line":203,"column":53},"end":{"line":203,"column":54}},"loc":{"start":{"line":203,"column":70},"end":{"line":210,"column":3}}}},"branchMap":{"0":{"loc":{"start":{"line":10,"column":4},"end":{"line":13,"column":5}},"type":"if","locations":[{"start":{"line":10,"column":4},"end":{"line":13,"column":5}}]},"1":{"loc":{"start":{"line":28,"column":4},"end":{"line":31,"column":5}},"type":"if","locations":[{"start":{"line":28,"column":4},"end":{"line":31,"column":5}}]},"2":{"loc":{"start":{"line":33,"column":4},"end":{"line":36,"column":5}},"type":"if","locations":[{"start":{"line":33,"column":4},"end":{"line":36,"column":5}}]},"3":{"loc":{"start":{"line":40,"column":4},"end":{"line":43,"column":5}},"type":"if","locations":[{"start":{"line":40,"column":4},"end":{"line":43,"column":5}}]},"4":{"loc":{"start":{"line":40,"column":8},"end":{"line":40,"column":87}},"type":"binary-expr","locations":[{"start":{"line":40,"column":8},"end":{"line":40,"column":34}},{"start":{"line":40,"column":38},"end":{"line":40,"column":63}},{"start":{"line":40,"column":67},"end":{"line":40,"column":87}}]},"5":{"loc":{"start":{"line":61,"column":4},"end":{"line":63,"column":5}},"type":"if","locations":[{"start":{"line":61,"column":4},"end":{"line":63,"column":5}}]},"6":{"loc":{"start":{"line":77,"column":25},"end":{"line":77,"column":61}},"type":"binary-expr","locations":[{"start":{"line":77,"column":25},"end":{"line":77,"column":34}},{"start":{"line":77,"column":38},"end":{"line":77,"column":61}}]},"7":{"loc":{"start":{"line":78,"column":4},"end":{"line":81,"column":5}},"type":"if","locations":[{"start":{"line":78,"column":4},"end":{"line":81,"column":5}}]},"8":{"loc":{"start":{"line":82,"column":4},"end":{"line":85,"column":5}},"type":"if","locations":[{"start":{"line":82,"column":4},"end":{"line":85,"column":5}}]},"9":{"loc":{"start":{"line":90,"column":8},"end":{"line":93,"column":9}},"type":"if","locations":[{"start":{"line":90,"column":8},"end":{"line":93,"column":9}}]},"10":{"loc":{"start":{"line":95,"column":8},"end":{"line":98,"column":9}},"type":"if","locations":[{"start":{"line":95,"column":8},"end":{"line":98,"column":9}}]},"11":{"loc":{"start":{"line":99,"column":8},"end":{"line":104,"column":9}},"type":"if","locations":[{"start":{"line":99,"column":8},"end":{"line":104,"column":9}}]},"12":{"loc":{"start":{"line":121,"column":23},"end":{"line":121,"column":59}},"type":"binary-expr","locations":[{"start":{"line":121,"column":23},"end":{"line":121,"column":32}},{"start":{"line":121,"column":36},"end":{"line":121,"column":59}}]},"13":{"loc":{"start":{"line":122,"column":2},"end":{"line":125,"column":3}},"type":"if","locations":[{"start":{"line":122,"column":2},"end":{"line":125,"column":3}}]},"14":{"loc":{"start":{"line":127,"column":4},"end":{"line":130,"column":5}},"type":"if","locations":[{"start":{"line":127,"column":4},"end":{"line":130,"column":5}}]},"15":{"loc":{"start":{"line":135,"column":8},"end":{"line":138,"column":9}},"type":"if","locations":[{"start":{"line":135,"column":8},"end":{"line":138,"column":9}}]},"16":{"loc":{"start":{"line":140,"column":8},"end":{"line":143,"column":9}},"type":"if","locations":[{"start":{"line":140,"column":8},"end":{"line":143,"column":9}}]},"17":{"loc":{"start":{"line":144,"column":8},"end":{"line":147,"column":9}},"type":"if","locations":[{"start":{"line":144,"column":8},"end":{"line":147,"column":9}}]},"18":{"loc":{"start":{"line":148,"column":8},"end":{"line":153,"column":9}},"type":"if","locations":[{"start":{"line":148,"column":8},"end":{"line":153,"column":9}}]},"19":{"loc":{"start":{"line":154,"column":8},"end":{"line":161,"column":9}},"type":"if","locations":[{"start":{"line":154,"column":8},"end":{"line":161,"column":9}}]},"20":{"loc":{"start":{"line":155,"column":10},"end":{"line":157,"column":50}},"type":"binary-expr","locations":[{"start":{"line":155,"column":10},"end":{"line":155,"column":49}},{"start":{"line":156,"column":10},"end":{"line":156,"column":44}},{"start":{"line":157,"column":10},"end":{"line":157,"column":50}}]},"21":{"loc":{"start":{"line":192,"column":16},"end":{"line":192,"column":56}},"type":"binary-expr","locations":[{"start":{"line":192,"column":16},"end":{"line":192,"column":27}},{"start":{"line":192,"column":31},"end":{"line":192,"column":56}}]},"22":{"loc":{"start":{"line":193,"column":2},"end":{"line":196,"column":3}},"type":"if","locations":[{"start":{"line":193,"column":2},"end":{"line":196,"column":3}}]},"23":{"loc":{"start":{"line":198,"column":2},"end":{"line":201,"column":3}},"type":"if","locations":[{"start":{"line":198,"column":2},"end":{"line":201,"column":3}}]},"24":{"loc":{"start":{"line":204,"column":4},"end":{"line":207,"column":5}},"type":"if","locations":[{"start":{"line":204,"column":4},"end":{"line":207,"column":5}}]}},"s":{"0":1,"1":1,"2":1,"3":1,"4":1,"5":1,"6":1,"7":1,"8":1,"9":0,"10":0,"11":1,"12":1,"13":1,"14":1,"15":1,"16":0,"17":1,"18":1,"19":1,"20":1,"21":1,"22":1,"23":0,"24":0,"25":1,"26":1,"27":0,"28":0,"29":1,"30":1,"31":1,"32":1,"33":0,"34":0,"35":1,"36":1,"37":1,"38":1,"39":0,"40":1,"41":1,"42":1,"43":0,"44":1,"45":0,"46":0,"47":0,"48":0,"49":0,"50":0,"51":0,"52":0,"53":0,"54":0,"55":0,"56":0,"57":0,"58":0,"59":0,"60":0,"61":0,"62":0,"63":0,"64":0,"65":0,"66":0,"67":0,"68":0,"69":0,"70":0,"71":0,"72":0,"73":0,"74":1,"75":0,"76":0,"77":0,"78":0,"79":0,"80":0,"81":0,"82":0,"83":0,"84":0,"85":0,"86":0,"87":0,"88":0,"89":0,"90":0,"91":0,"92":0,"93":0,"94":0,"95":0,"96":0,"97":0,"98":0,"99":0,"100":0,"101":0,"102":0,"103":0,"104":0,"105":0,"106":0,"107":0,"108":0,"109":0,"110":0,"111":0,"112":1,"113":6,"114":6,"115":6,"116":6,"117":1,"118":1,"119":5,"120":0,"121":0,"122":5,"123":5,"124":1,"125":1,"126":4,"127":4,"128":1},"f":{"0":1,"1":1,"2":1,"3":1,"4":0,"5":0,"6":0,"7":0,"8":0,"9":0,"10":0,"11":0,"12":0,"13":6,"14":6,"15":5},"b":{"0":[0],"1":[0],"2":[0],"3":[0],"4":[1,1,1],"5":[0],"6":[0,0],"7":[0],"8":[0],"9":[0],"10":[0],"11":[0],"12":[0,0],"13":[0],"14":[0],"15":[0],"16":[0],"17":[0],"18":[0],"19":[0],"20":[0,0,0],"21":[6,5],"22":[1],"23":[0],"24":[1]}}
,"C:\\Users\\omerv\\Desktop\\Groceries app\\Groceries_B\\src\\controllers\\baseController.ts": {"path":"C:\\Users\\omerv\\Desktop\\Groceries app\\Groceries_B\\src\\controllers\\baseController.ts","statementMap":{"0":{"start":{"line":8,"column":8},"end":{"line":8,"column":27}},"1":{"start":{"line":9,"column":8},"end":{"line":9,"column":29}},"2":{"start":{"line":13,"column":23},"end":{"line":13,"column":39}},"3":{"start":{"line":14,"column":8},"end":{"line":24,"column":9}},"4":{"start":{"line":15,"column":12},"end":{"line":21,"column":13}},"5":{"start":{"line":16,"column":29},"end":{"line":16,"column":77}},"6":{"start":{"line":17,"column":16},"end":{"line":17,"column":43}},"7":{"start":{"line":19,"column":29},"end":{"line":19,"column":52}},"8":{"start":{"line":20,"column":16},"end":{"line":20,"column":43}},"9":{"start":{"line":23,"column":12},"end":{"line":23,"column":44}},"10":{"start":{"line":28,"column":8},"end":{"line":34,"column":9}},"11":{"start":{"line":29,"column":25},"end":{"line":29,"column":49}},"12":{"start":{"line":30,"column":12},"end":{"line":30,"column":30}},"13":{"start":{"line":31,"column":12},"end":{"line":31,"column":39}},"14":{"start":{"line":33,"column":12},"end":{"line":33,"column":44}},"15":{"start":{"line":38,"column":19},"end":{"line":38,"column":32}},"16":{"start":{"line":39,"column":8},"end":{"line":48,"column":9}},"17":{"start":{"line":40,"column":25},"end":{"line":40,"column":63}},"18":{"start":{"line":41,"column":12},"end":{"line":45,"column":13}},"19":{"start":{"line":42,"column":16},"end":{"line":42,"column":43}},"20":{"start":{"line":44,"column":16},"end":{"line":44,"column":68}},"21":{"start":{"line":47,"column":12},"end":{"line":47,"column":44}},"22":{"start":{"line":52,"column":19},"end":{"line":52,"column":32}},"23":{"start":{"line":53,"column":8},"end":{"line":62,"column":9}},"24":{"start":{"line":54,"column":25},"end":{"line":54,"column":72}},"25":{"start":{"line":55,"column":12},"end":{"line":59,"column":13}},"26":{"start":{"line":56,"column":16},"end":{"line":56,"column":66}},"27":{"start":{"line":58,"column":16},"end":{"line":58,"column":68}},"28":{"start":{"line":61,"column":12},"end":{"line":61,"column":44}},"29":{"start":{"line":66,"column":0},"end":{"line":66,"column":30}}},"fnMap":{"0":{"name":"(anonymous_7)","decl":{"start":{"line":7,"column":4},"end":{"line":7,"column":16}},"loc":{"start":{"line":7,"column":39},"end":{"line":10,"column":5}}},"1":{"name":"(anonymous_8)","decl":{"start":{"line":12,"column":10},"end":{"line":12,"column":16}},"loc":{"start":{"line":12,"column":44},"end":{"line":25,"column":null}}},"2":{"name":"(anonymous_10)","decl":{"start":{"line":27,"column":10},"end":{"line":27,"column":16}},"loc":{"start":{"line":27,"column":44},"end":{"line":35,"column":null}}},"3":{"name":"(anonymous_12)","decl":{"start":{"line":37,"column":10},"end":{"line":37,"column":17}},"loc":{"start":{"line":37,"column":45},"end":{"line":49,"column":null}}},"4":{"name":"(anonymous_14)","decl":{"start":{"line":51,"column":10},"end":{"line":51,"column":20}},"loc":{"start":{"line":51,"column":48},"end":{"line":63,"column":null}}}},"branchMap":{"0":{"loc":{"start":{"line":15,"column":12},"end":{"line":21,"column":13}},"type":"if","locations":[{"start":{"line":15,"column":12},"end":{"line":21,"column":13}},{"start":{"line":18,"column":19},"end":{"line":21,"column":13}}]},"1":{"loc":{"start":{"line":41,"column":12},"end":{"line":45,"column":13}},"type":"if","locations":[{"start":{"line":41,"column":12},"end":{"line":45,"column":13}},{"start":{"line":43,"column":19},"end":{"line":45,"column":13}}]},"2":{"loc":{"start":{"line":55,"column":12},"end":{"line":59,"column":13}},"type":"if","locations":[{"start":{"line":55,"column":12},"end":{"line":59,"column":13}},{"start":{"line":57,"column":19},"end":{"line":59,"column":13}}]}},"s":{"0":3,"1":3,"2":0,"3":0,"4":0,"5":0,"6":0,"7":0,"8":0,"9":0,"10":2,"11":2,"12":2,"13":2,"14":0,"15":0,"16":0,"17":0,"18":0,"19":0,"20":0,"21":0,"22":0,"23":0,"24":0,"25":0,"26":0,"27":0,"28":0,"29":1},"f":{"0":3,"1":0,"2":2,"3":0,"4":0},"b":{"0":[0,0],"1":[0,0],"2":[0,0]}}
,"C:\\Users\\omerv\\Desktop\\Groceries app\\Groceries_B\\src\\controllers\\cartController.ts": {"path":"C:\\Users\\omerv\\Desktop\\Groceries app\\Groceries_B\\src\\controllers\\cartController.ts","statementMap":{"0":{"start":{"line":1,"column":0},"end":{"line":1,"column":55}},"1":{"start":{"line":2,"column":0},"end":{"line":2,"column":46}},"2":{"start":{"line":4,"column":0},"end":{"line":4,"column":28}},"3":{"start":{"line":6,"column":0},"end":{"line":6,"column":44}},"4":{"start":{"line":10,"column":4},"end":{"line":10,"column":29}},"5":{"start":{"line":14,"column":15},"end":{"line":14,"column":28}},"6":{"start":{"line":15,"column":25},"end":{"line":15,"column":33}},"7":{"start":{"line":16,"column":4},"end":{"line":29,"column":5}},"8":{"start":{"line":17,"column":19},"end":{"line":20,"column":null}},"9":{"start":{"line":22,"column":6},"end":{"line":26,"column":7}},"10":{"start":{"line":23,"column":8},"end":{"line":23,"column":35}},"11":{"start":{"line":25,"column":8},"end":{"line":25,"column":60}},"12":{"start":{"line":28,"column":6},"end":{"line":28,"column":38}},"13":{"start":{"line":33,"column":34},"end":{"line":33,"column":42}},"14":{"start":{"line":34,"column":4},"end":{"line":56,"column":5}},"15":{"start":{"line":35,"column":19},"end":{"line":35,"column":61}},"16":{"start":{"line":36,"column":6},"end":{"line":39,"column":7}},"17":{"start":{"line":37,"column":8},"end":{"line":37,"column":60}},"18":{"start":{"line":38,"column":8},"end":{"line":38,"column":15}},"19":{"start":{"line":40,"column":19},"end":{"line":40,"column":43}},"20":{"start":{"line":41,"column":24},"end":{"line":41,"column":56}},"21":{"start":{"line":42,"column":19},"end":{"line":50,"column":8}},"22":{"start":{"line":51,"column":6},"end":{"line":51,"column":33}},"23":{"start":{"line":52,"column":6},"end":{"line":52,"column":24}},"24":{"start":{"line":53,"column":6},"end":{"line":53,"column":33}},"25":{"start":{"line":55,"column":6},"end":{"line":55,"column":38}},"26":{"start":{"line":60,"column":15},"end":{"line":60,"column":28}},"27":{"start":{"line":61,"column":52},"end":{"line":61,"column":60}},"28":{"start":{"line":62,"column":4},"end":{"line":85,"column":5}},"29":{"start":{"line":63,"column":19},"end":{"line":63,"column":56}},"30":{"start":{"line":64,"column":6},"end":{"line":82,"column":7}},"31":{"start":{"line":65,"column":8},"end":{"line":65,"column":60}},"32":{"start":{"line":67,"column":8},"end":{"line":75,"column":9}},"33":{"start":{"line":67,"column":21},"end":{"line":67,"column":22}},"34":{"start":{"line":68,"column":10},"end":{"line":74,"column":11}},"35":{"start":{"line":69,"column":12},"end":{"line":69,"column":41}},"36":{"start":{"line":70,"column":12},"end":{"line":70,"column":50}},"37":{"start":{"line":71,"column":12},"end":{"line":71,"column":30}},"38":{"start":{"line":72,"column":12},"end":{"line":72,"column":39}},"39":{"start":{"line":73,"column":12},"end":{"line":73,"column":19}},"40":{"start":{"line":76,"column":8},"end":{"line":76,"column":41}},"41":{"start":{"line":77,"column":8},"end":{"line":77,"column":45}},"42":{"start":{"line":78,"column":8},"end":{"line":78,"column":37}},"43":{"start":{"line":79,"column":8},"end":{"line":79,"column":46}},"44":{"start":{"line":80,"column":8},"end":{"line":80,"column":26}},"45":{"start":{"line":81,"column":8},"end":{"line":81,"column":35}},"46":{"start":{"line":84,"column":6},"end":{"line":84,"column":38}},"47":{"start":{"line":89,"column":15},"end":{"line":89,"column":28}},"48":{"start":{"line":90,"column":26},"end":{"line":90,"column":34}},"49":{"start":{"line":91,"column":4},"end":{"line":111,"column":5}},"50":{"start":{"line":92,"column":19},"end":{"line":92,"column":56}},"51":{"start":{"line":93,"column":6},"end":{"line":108,"column":7}},"52":{"start":{"line":94,"column":8},"end":{"line":94,"column":60}},"53":{"start":{"line":96,"column":8},"end":{"line":106,"column":9}},"54":{"start":{"line":96,"column":21},"end":{"line":96,"column":22}},"55":{"start":{"line":97,"column":10},"end":{"line":105,"column":11}},"56":{"start":{"line":98,"column":12},"end":{"line":98,"column":42}},"57":{"start":{"line":99,"column":12},"end":{"line":99,"column":44}},"58":{"start":{"line":100,"column":12},"end":{"line":100,"column":46}},"59":{"start":{"line":101,"column":12},"end":{"line":101,"column":45}},"60":{"start":{"line":102,"column":12},"end":{"line":102,"column":30}},"61":{"start":{"line":103,"column":12},"end":{"line":103,"column":39}},"62":{"start":{"line":104,"column":12},"end":{"line":104,"column":19}},"63":{"start":{"line":107,"column":8},"end":{"line":107,"column":63}},"64":{"start":{"line":110,"column":6},"end":{"line":110,"column":38}},"65":{"start":{"line":115,"column":15},"end":{"line":115,"column":28}},"66":{"start":{"line":116,"column":4},"end":{"line":130,"column":5}},"67":{"start":{"line":117,"column":19},"end":{"line":117,"column":56}},"68":{"start":{"line":118,"column":6},"end":{"line":127,"column":7}},"69":{"start":{"line":119,"column":8},"end":{"line":119,"column":60}},"70":{"start":{"line":121,"column":8},"end":{"line":121,"column":30}},"71":{"start":{"line":122,"column":8},"end":{"line":122,"column":32}},"72":{"start":{"line":123,"column":8},"end":{"line":123,"column":34}},"73":{"start":{"line":124,"column":8},"end":{"line":124,"column":33}},"74":{"start":{"line":125,"column":8},"end":{"line":125,"column":26}},"75":{"start":{"line":126,"column":8},"end":{"line":126,"column":35}},"76":{"start":{"line":129,"column":6},"end":{"line":129,"column":38}},"77":{"start":{"line":134,"column":15},"end":{"line":134,"column":28}},"78":{"start":{"line":135,"column":23},"end":{"line":135,"column":31}},"79":{"start":{"line":136,"column":4},"end":{"line":156,"column":5}},"80":{"start":{"line":137,"column":19},"end":{"line":137,"column":56}},"81":{"start":{"line":138,"column":6},"end":{"line":153,"column":7}},"82":{"start":{"line":139,"column":8},"end":{"line":139,"column":60}},"83":{"start":{"line":141,"column":27},"end":{"line":142,"column":null}},"84":{"start":{"line":142,"column":10},"end":{"line":142,"column":42}},"85":{"start":{"line":144,"column":8},"end":{"line":147,"column":9}},"86":{"start":{"line":145,"column":10},"end":{"line":145,"column":68}},"87":{"start":{"line":146,"column":10},"end":{"line":146,"column":17}},"88":{"start":{"line":148,"column":21},"end":{"line":148,"column":45}},"89":{"start":{"line":149,"column":25},"end":{"line":149,"column":56}},"90":{"start":{"line":150,"column":8},"end":{"line":150,"column":34}},"91":{"start":{"line":151,"column":8},"end":{"line":151,"column":26}},"92":{"start":{"line":152,"column":8},"end":{"line":152,"column":35}},"93":{"start":{"line":155,"column":6},"end":{"line":155,"column":38}},"94":{"start":{"line":160,"column":15},"end":{"line":160,"column":28}},"95":{"start":{"line":161,"column":23},"end":{"line":161,"column":31}},"96":{"start":{"line":162,"column":4},"end":{"line":180,"column":5}},"97":{"start":{"line":163,"column":19},"end":{"line":163,"column":56}},"98":{"start":{"line":164,"column":6},"end":{"line":177,"column":7}},"99":{"start":{"line":165,"column":8},"end":{"line":165,"column":60}},"100":{"start":{"line":167,"column":27},"end":{"line":168,"column":null}},"101":{"start":{"line":168,"column":10},"end":{"line":168,"column":42}},"102":{"start":{"line":170,"column":8},"end":{"line":173,"column":9}},"103":{"start":{"line":171,"column":10},"end":{"line":171,"column":64}},"104":{"start":{"line":172,"column":10},"end":{"line":172,"column":17}},"105":{"start":{"line":174,"column":8},"end":{"line":174,"column":61}},"106":{"start":{"line":175,"column":8},"end":{"line":175,"column":26}},"107":{"start":{"line":176,"column":8},"end":{"line":176,"column":35}},"108":{"start":{"line":179,"column":6},"end":{"line":179,"column":38}},"109":{"start":{"line":184,"column":20},"end":{"line":184,"column":36}},"110":{"start":{"line":185,"column":19},"end":{"line":185,"column":32}},"111":{"start":{"line":186,"column":4},"end":{"line":189,"column":5}},"112":{"start":{"line":187,"column":6},"end":{"line":187,"column":55}},"113":{"start":{"line":188,"column":6},"end":{"line":188,"column":13}},"114":{"start":{"line":190,"column":17},"end":{"line":190,"column":58}},"115":{"start":{"line":191,"column":4},"end":{"line":194,"column":5}},"116":{"start":{"line":192,"column":6},"end":{"line":192,"column":58}},"117":{"start":{"line":193,"column":6},"end":{"line":193,"column":13}},"118":{"start":{"line":195,"column":20},"end":{"line":195,"column":61}},"119":{"start":{"line":196,"column":4},"end":{"line":199,"column":5}},"120":{"start":{"line":197,"column":6},"end":{"line":197,"column":60}},"121":{"start":{"line":198,"column":6},"end":{"line":198,"column":13}},"122":{"start":{"line":200,"column":4},"end":{"line":200,"column":11}},"123":{"start":{"line":204,"column":19},"end":{"line":204,"column":34}},"124":{"start":{"line":205,"column":19},"end":{"line":205,"column":32}},"125":{"start":{"line":206,"column":4},"end":{"line":209,"column":5}},"126":{"start":{"line":207,"column":6},"end":{"line":207,"column":54}},"127":{"start":{"line":208,"column":6},"end":{"line":208,"column":13}},"128":{"start":{"line":210,"column":17},"end":{"line":210,"column":58}},"129":{"start":{"line":211,"column":4},"end":{"line":214,"column":5}},"130":{"start":{"line":212,"column":6},"end":{"line":212,"column":58}},"131":{"start":{"line":213,"column":6},"end":{"line":213,"column":13}},"132":{"start":{"line":215,"column":22},"end":{"line":215,"column":32}},"133":{"start":{"line":216,"column":4},"end":{"line":222,"column":5}},"134":{"start":{"line":216,"column":17},"end":{"line":216,"column":18}},"135":{"start":{"line":217,"column":22},"end":{"line":217,"column":64}},"136":{"start":{"line":218,"column":6},"end":{"line":221,"column":7}},"137":{"start":{"line":219,"column":8},"end":{"line":219,"column":15}},"138":{"start":{"line":220,"column":8},"end":{"line":220,"column":15}},"139":{"start":{"line":223,"column":4},"end":{"line":223,"column":57}},"140":{"start":{"line":224,"column":4},"end":{"line":224,"column":11}},"141":{"start":{"line":228,"column":0},"end":{"line":228,"column":36}}},"fnMap":{"0":{"name":"(anonymous_8)","decl":{"start":{"line":9,"column":2},"end":{"line":9,"column":null}},"loc":{"start":{"line":9,"column":2},"end":{"line":11,"column":3}}},"1":{"name":"(anonymous_9)","decl":{"start":{"line":13,"column":8},"end":{"line":13,"column":14}},"loc":{"start":{"line":13,"column":42},"end":{"line":30,"column":null}}},"2":{"name":"(anonymous_11)","decl":{"start":{"line":32,"column":8},"end":{"line":32,"column":14}},"loc":{"start":{"line":32,"column":42},"end":{"line":57,"column":null}}},"3":{"name":"(anonymous_13)","decl":{"start":{"line":59,"column":8},"end":{"line":59,"column":18}},"loc":{"start":{"line":59,"column":46},"end":{"line":86,"column":null}}},"4":{"name":"(anonymous_15)","decl":{"start":{"line":88,"column":8},"end":{"line":88,"column":21}},"loc":{"start":{"line":88,"column":49},"end":{"line":112,"column":null}}},"5":{"name":"(anonymous_17)","decl":{"start":{"line":114,"column":8},"end":{"line":114,"column":17}},"loc":{"start":{"line":114,"column":45},"end":{"line":131,"column":null}}},"6":{"name":"(anonymous_19)","decl":{"start":{"line":133,"column":8},"end":{"line":133,"column":15}},"loc":{"start":{"line":133,"column":43},"end":{"line":157,"column":null}}},"7":{"name":"(anonymous_21)","decl":{"start":{"line":141,"column":49},"end":{"line":141,"column":50}},"loc":{"start":{"line":142,"column":10},"end":{"line":142,"column":42}}},"8":{"name":"(anonymous_22)","decl":{"start":{"line":159,"column":8},"end":{"line":159,"column":18}},"loc":{"start":{"line":159,"column":46},"end":{"line":181,"column":null}}},"9":{"name":"(anonymous_24)","decl":{"start":{"line":167,"column":49},"end":{"line":167,"column":50}},"loc":{"start":{"line":168,"column":10},"end":{"line":168,"column":42}}},"10":{"name":"(anonymous_25)","decl":{"start":{"line":183,"column":8},"end":{"line":183,"column":23}},"loc":{"start":{"line":183,"column":62},"end":{"line":201,"column":null}}},"11":{"name":"(anonymous_27)","decl":{"start":{"line":203,"column":8},"end":{"line":203,"column":22}},"loc":{"start":{"line":203,"column":61},"end":{"line":225,"column":null}}}},"branchMap":{"0":{"loc":{"start":{"line":22,"column":6},"end":{"line":26,"column":7}},"type":"if","locations":[{"start":{"line":22,"column":6},"end":{"line":26,"column":7}},{"start":{"line":24,"column":13},"end":{"line":26,"column":7}}]},"1":{"loc":{"start":{"line":36,"column":6},"end":{"line":39,"column":7}},"type":"if","locations":[{"start":{"line":36,"column":6},"end":{"line":39,"column":7}}]},"2":{"loc":{"start":{"line":64,"column":6},"end":{"line":82,"column":7}},"type":"if","locations":[{"start":{"line":64,"column":6},"end":{"line":82,"column":7}},{"start":{"line":66,"column":13},"end":{"line":82,"column":7}}]},"3":{"loc":{"start":{"line":68,"column":10},"end":{"line":74,"column":11}},"type":"if","locations":[{"start":{"line":68,"column":10},"end":{"line":74,"column":11}}]},"4":{"loc":{"start":{"line":93,"column":6},"end":{"line":108,"column":7}},"type":"if","locations":[{"start":{"line":93,"column":6},"end":{"line":108,"column":7}},{"start":{"line":95,"column":13},"end":{"line":108,"column":7}}]},"5":{"loc":{"start":{"line":97,"column":10},"end":{"line":105,"column":11}},"type":"if","locations":[{"start":{"line":97,"column":10},"end":{"line":105,"column":11}}]},"6":{"loc":{"start":{"line":118,"column":6},"end":{"line":127,"column":7}},"type":"if","locations":[{"start":{"line":118,"column":6},"end":{"line":127,"column":7}},{"start":{"line":120,"column":13},"end":{"line":127,"column":7}}]},"7":{"loc":{"start":{"line":138,"column":6},"end":{"line":153,"column":7}},"type":"if","locations":[{"start":{"line":138,"column":6},"end":{"line":153,"column":7}},{"start":{"line":140,"column":13},"end":{"line":153,"column":7}}]},"8":{"loc":{"start":{"line":144,"column":8},"end":{"line":147,"column":9}},"type":"if","locations":[{"start":{"line":144,"column":8},"end":{"line":147,"column":9}}]},"9":{"loc":{"start":{"line":164,"column":6},"end":{"line":177,"column":7}},"type":"if","locations":[{"start":{"line":164,"column":6},"end":{"line":177,"column":7}},{"start":{"line":166,"column":13},"end":{"line":177,"column":7}}]},"10":{"loc":{"start":{"line":170,"column":8},"end":{"line":173,"column":9}},"type":"if","locations":[{"start":{"line":170,"column":8},"end":{"line":173,"column":9}}]},"11":{"loc":{"start":{"line":186,"column":4},"end":{"line":189,"column":5}},"type":"if","locations":[{"start":{"line":186,"column":4},"end":{"line":189,"column":5}}]},"12":{"loc":{"start":{"line":191,"column":4},"end":{"line":194,"column":5}},"type":"if","locations":[{"start":{"line":191,"column":4},"end":{"line":194,"column":5}}]},"13":{"loc":{"start":{"line":196,"column":4},"end":{"line":199,"column":5}},"type":"if","locations":[{"start":{"line":196,"column":4},"end":{"line":199,"column":5}}]},"14":{"loc":{"start":{"line":206,"column":4},"end":{"line":209,"column":5}},"type":"if","locations":[{"start":{"line":206,"column":4},"end":{"line":209,"column":5}}]},"15":{"loc":{"start":{"line":211,"column":4},"end":{"line":214,"column":5}},"type":"if","locations":[{"start":{"line":211,"column":4},"end":{"line":214,"column":5}}]},"16":{"loc":{"start":{"line":218,"column":6},"end":{"line":221,"column":7}},"type":"if","locations":[{"start":{"line":218,"column":6},"end":{"line":221,"column":7}}]}},"s":{"0":1,"1":1,"2":1,"3":1,"4":1,"5":0,"6":0,"7":0,"8":0,"9":0,"10":0,"11":0,"12":0,"13":2,"14":2,"15":2,"16":1,"17":0,"18":0,"19":1,"20":1,"21":1,"22":1,"23":1,"24":1,"25":1,"26":2,"27":2,"28":2,"29":2,"30":2,"31":0,"32":2,"33":2,"34":1,"35":1,"36":1,"37":1,"38":1,"39":1,"40":1,"41":1,"42":1,"43":1,"44":1,"45":1,"46":0,"47":0,"48":0,"49":0,"50":0,"51":0,"52":0,"53":0,"54":0,"55":0,"56":0,"57":0,"58":0,"59":0,"60":0,"61":0,"62":0,"63":0,"64":0,"65":0,"66":0,"67":0,"68":0,"69":0,"70":0,"71":0,"72":0,"73":0,"74":0,"75":0,"76":0,"77":0,"78":0,"79":0,"80":0,"81":0,"82":0,"83":0,"84":0,"85":0,"86":0,"87":0,"88":0,"89":0,"90":0,"91":0,"92":0,"93":0,"94":0,"95":0,"96":0,"97":0,"98":0,"99":0,"100":0,"101":0,"102":0,"103":0,"104":0,"105":0,"106":0,"107":0,"108":0,"109":0,"110":0,"111":0,"112":0,"113":0,"114":0,"115":0,"116":0,"117":0,"118":0,"119":0,"120":0,"121":0,"122":0,"123":2,"124":2,"125":2,"126":0,"127":0,"128":2,"129":2,"130":0,"131":0,"132":2,"133":2,"134":2,"135":2,"136":2,"137":2,"138":2,"139":0,"140":0,"141":1},"f":{"0":1,"1":0,"2":2,"3":2,"4":0,"5":0,"6":0,"7":0,"8":0,"9":0,"10":0,"11":2},"b":{"0":[0,0],"1":[0],"2":[0,2],"3":[1],"4":[0,0],"5":[0],"6":[0,0],"7":[0,0],"8":[0],"9":[0,0],"10":[0],"11":[0],"12":[0],"13":[0],"14":[0],"15":[0],"16":[2]}}
,"C:\\Users\\omerv\\Desktop\\Groceries app\\Groceries_B\\src\\controllers\\categoryController.ts": {"path":"C:\\Users\\omerv\\Desktop\\Groceries app\\Groceries_B\\src\\controllers\\categoryController.ts","statementMap":{"0":{"start":{"line":1,"column":0},"end":{"line":1,"column":65}},"1":{"start":{"line":2,"column":0},"end":{"line":2,"column":46}},"2":{"start":{"line":8,"column":8},"end":{"line":8,"column":37}},"3":{"start":{"line":12,"column":19},"end":{"line":12,"column":32}},"4":{"start":{"line":13,"column":23},"end":{"line":13,"column":31}},"5":{"start":{"line":14,"column":8},"end":{"line":23,"column":9}},"6":{"start":{"line":15,"column":25},"end":{"line":15,"column":91}},"7":{"start":{"line":16,"column":12},"end":{"line":20,"column":13}},"8":{"start":{"line":17,"column":16},"end":{"line":17,"column":43}},"9":{"start":{"line":19,"column":16},"end":{"line":19,"column":66}},"10":{"start":{"line":22,"column":12},"end":{"line":22,"column":42}},"11":{"start":{"line":27,"column":0},"end":{"line":27,"column":40}}},"fnMap":{"0":{"name":"(anonymous_8)","decl":{"start":{"line":7,"column":4},"end":{"line":7,"column":null}},"loc":{"start":{"line":7,"column":4},"end":{"line":9,"column":5}}},"1":{"name":"(anonymous_9)","decl":{"start":{"line":11,"column":10},"end":{"line":11,"column":16}},"loc":{"start":{"line":11,"column":44},"end":{"line":24,"column":null}}}},"branchMap":{"0":{"loc":{"start":{"line":16,"column":12},"end":{"line":20,"column":13}},"type":"if","locations":[{"start":{"line":16,"column":12},"end":{"line":20,"column":13}},{"start":{"line":18,"column":19},"end":{"line":20,"column":13}}]}},"s":{"0":1,"1":1,"2":1,"3":0,"4":0,"5":0,"6":0,"7":0,"8":0,"9":0,"10":0,"11":1},"f":{"0":1,"1":0},"b":{"0":[0,0]}}
,"C:\\Users\\omerv\\Desktop\\Groceries app\\Groceries_B\\src\\controllers\\productController.ts": {"path":"C:\\Users\\omerv\\Desktop\\Groceries app\\Groceries_B\\src\\controllers\\productController.ts","statementMap":{"0":{"start":{"line":2,"column":0},"end":{"line":2,"column":62}},"1":{"start":{"line":3,"column":0},"end":{"line":3,"column":46}},"2":{"start":{"line":7,"column":8},"end":{"line":7,"column":40}},"3":{"start":{"line":12,"column":19},"end":{"line":12,"column":32}},"4":{"start":{"line":13,"column":63},"end":{"line":13,"column":71}},"5":{"start":{"line":14,"column":8},"end":{"line":23,"column":9}},"6":{"start":{"line":15,"column":25},"end":{"line":15,"column":131}},"7":{"start":{"line":16,"column":12},"end":{"line":20,"column":13}},"8":{"start":{"line":17,"column":16},"end":{"line":17,"column":43}},"9":{"start":{"line":19,"column":16},"end":{"line":19,"column":66}},"10":{"start":{"line":22,"column":12},"end":{"line":22,"column":42}},"11":{"start":{"line":27,"column":0},"end":{"line":27,"column":39}}},"fnMap":{"0":{"name":"(anonymous_8)","decl":{"start":{"line":6,"column":4},"end":{"line":6,"column":null}},"loc":{"start":{"line":6,"column":4},"end":{"line":8,"column":5}}},"1":{"name":"(anonymous_9)","decl":{"start":{"line":11,"column":10},"end":{"line":11,"column":16}},"loc":{"start":{"line":11,"column":44},"end":{"line":24,"column":null}}}},"branchMap":{"0":{"loc":{"start":{"line":16,"column":12},"end":{"line":20,"column":13}},"type":"if","locations":[{"start":{"line":16,"column":12},"end":{"line":20,"column":13}},{"start":{"line":18,"column":19},"end":{"line":20,"column":13}}]}},"s":{"0":1,"1":1,"2":1,"3":0,"4":0,"5":0,"6":0,"7":0,"8":0,"9":0,"10":0,"11":1},"f":{"0":1,"1":0},"b":{"0":[0,0]}}
,"C:\\Users\\omerv\\Desktop\\Groceries app\\Groceries_B\\src\\models\\cartModel.ts": {"path":"C:\\Users\\omerv\\Desktop\\Groceries app\\Groceries_B\\src\\models\\cartModel.ts","statementMap":{"0":{"start":{"line":1,"column":0},"end":{"line":1,"column":32}},"1":{"start":{"line":14,"column":19},"end":{"line":38,"column":2}},"2":{"start":{"line":40,"column":0},"end":{"line":40,"column":55}}},"fnMap":{},"branchMap":{},"s":{"0":1,"1":1,"2":1},"f":{},"b":{}}
,"C:\\Users\\omerv\\Desktop\\Groceries app\\Groceries_B\\src\\models\\categoryModel.ts": {"path":"C:\\Users\\omerv\\Desktop\\Groceries app\\Groceries_B\\src\\models\\categoryModel.ts","statementMap":{"0":{"start":{"line":1,"column":0},"end":{"line":1,"column":32}},"1":{"start":{"line":3,"column":23},"end":{"line":9,"column":2}},"2":{"start":{"line":16,"column":0},"end":{"line":16,"column":63}}},"fnMap":{},"branchMap":{},"s":{"0":1,"1":1,"2":1},"f":{},"b":{}}
,"C:\\Users\\omerv\\Desktop\\Groceries app\\Groceries_B\\src\\models\\productModel.ts": {"path":"C:\\Users\\omerv\\Desktop\\Groceries app\\Groceries_B\\src\\models\\productModel.ts","statementMap":{"0":{"start":{"line":1,"column":0},"end":{"line":1,"column":32}},"1":{"start":{"line":4,"column":22},"end":{"line":27,"column":2}},"2":{"start":{"line":38,"column":0},"end":{"line":38,"column":61}}},"fnMap":{},"branchMap":{},"s":{"0":1,"1":1,"2":1},"f":{},"b":{}}
,"C:\\Users\\omerv\\Desktop\\Groceries app\\Groceries_B\\src\\models\\userModel.ts": {"path":"C:\\Users\\omerv\\Desktop\\Groceries app\\Groceries_B\\src\\models\\userModel.ts","statementMap":{"0":{"start":{"line":1,"column":0},"end":{"line":1,"column":32}},"1":{"start":{"line":11,"column":19},"end":{"line":30,"column":2}},"2":{"start":{"line":32,"column":0},"end":{"line":32,"column":55}}},"fnMap":{},"branchMap":{},"s":{"0":1,"1":1,"2":1},"f":{},"b":{}}
,"C:\\Users\\omerv\\Desktop\\Groceries app\\Groceries_B\\src\\routes\\authRoutes.ts": {"path":"C:\\Users\\omerv\\Desktop\\Groceries app\\Groceries_B\\src\\routes\\authRoutes.ts","statementMap":{"0":{"start":{"line":1,"column":0},"end":{"line":1,"column":59}},"1":{"start":{"line":2,"column":0},"end":{"line":2,"column":30}},"2":{"start":{"line":3,"column":19},"end":{"line":3,"column":35}},"3":{"start":{"line":5,"column":0},"end":{"line":9,"column":null}},"4":{"start":{"line":11,"column":0},"end":{"line":11,"column":26}}},"fnMap":{},"branchMap":{},"s":{"0":1,"1":1,"2":1,"3":1,"4":1},"f":{},"b":{}}
,"C:\\Users\\omerv\\Desktop\\Groceries app\\Groceries_B\\src\\routes\\cartRoutes.ts": {"path":"C:\\Users\\omerv\\Desktop\\Groceries app\\Groceries_B\\src\\routes\\cartRoutes.ts","statementMap":{"0":{"start":{"line":1,"column":0},"end":{"line":1,"column":59}},"1":{"start":{"line":2,"column":0},"end":{"line":2,"column":59}},"2":{"start":{"line":3,"column":0},"end":{"line":3,"column":30}},"3":{"start":{"line":4,"column":19},"end":{"line":4,"column":35}},"4":{"start":{"line":6,"column":0},"end":{"line":16,"column":null}},"5":{"start":{"line":18,"column":0},"end":{"line":18,"column":26}}},"fnMap":{},"branchMap":{},"s":{"0":1,"1":1,"2":1,"3":1,"4":1,"5":1},"f":{},"b":{}}
,"C:\\Users\\omerv\\Desktop\\Groceries app\\Groceries_B\\src\\routes\\categoryRoutes.ts": {"path":"C:\\Users\\omerv\\Desktop\\Groceries app\\Groceries_B\\src\\routes\\categoryRoutes.ts","statementMap":{"0":{"start":{"line":1,"column":0},"end":{"line":1,"column":30}},"1":{"start":{"line":2,"column":0},"end":{"line":2,"column":67}},"2":{"start":{"line":3,"column":23},"end":{"line":3,"column":39}},"3":{"start":{"line":5,"column":0},"end":{"line":10,"column":null}},"4":{"start":{"line":12,"column":0},"end":{"line":12,"column":30}}},"fnMap":{},"branchMap":{},"s":{"0":1,"1":1,"2":1,"3":1,"4":1},"f":{},"b":{}}
,"C:\\Users\\omerv\\Desktop\\Groceries app\\Groceries_B\\src\\routes\\productRoutes.ts": {"path":"C:\\Users\\omerv\\Desktop\\Groceries app\\Groceries_B\\src\\routes\\productRoutes.ts","statementMap":{"0":{"start":{"line":2,"column":0},"end":{"line":2,"column":65}},"1":{"start":{"line":3,"column":0},"end":{"line":3,"column":30}},"2":{"start":{"line":4,"column":22},"end":{"line":4,"column":38}},"3":{"start":{"line":6,"column":0},"end":{"line":11,"column":null}},"4":{"start":{"line":13,"column":0},"end":{"line":13,"column":29}}},"fnMap":{},"branchMap":{},"s":{"0":1,"1":1,"2":1,"3":1,"4":1},"f":{},"b":{}}
}
