TN:
SF:src\server.ts
FN:23,(anonymous_8)
FN:23,(anonymous_9)
FN:24,(anonymous_10)
FN:30,(anonymous_11)
FN:34,(anonymous_12)
FNF:5
FNH:4
FNDA:4,(anonymous_8)
FNDA:4,(anonymous_9)
FNDA:4,(anonymous_10)
FNDA:4,(anonymous_11)
FNDA:0,(anonymous_12)
DA:1,4
DA:2,4
DA:3,4
DA:5,4
DA:6,4
DA:7,4
DA:8,4
DA:11,4
DA:12,4
DA:13,4
DA:14,4
DA:15,4
DA:16,4
DA:17,4
DA:18,4
DA:21,4
DA:22,4
DA:23,4
DA:24,4
DA:25,4
DA:26,0
DA:28,4
DA:31,4
DA:32,4
DA:35,0
DA:36,0
DA:42,4
LF:27
LH:24
BRDA:22,0,0,4
BRDA:22,0,1,0
BRDA:25,1,0,0
BRDA:25,1,1,4
BRF:4
BRH:2
end_of_record
TN:
SF:src\controllers\authController.ts
FN:6,(anonymous_8)
FN:6,(anonymous_9)
FN:24,(anonymous_10)
FN:24,(anonymous_11)
FN:74,(anonymous_12)
FN:74,(anonymous_13)
FN:89,(anonymous_14)
FN:89,(anonymous_15)
FN:105,(anonymous_16)
FN:119,(anonymous_17)
FN:119,(anonymous_18)
FN:134,(anonymous_19)
FN:134,(anonymous_20)
FN:190,(anonymous_21)
FN:190,(anonymous_22)
FN:203,(anonymous_23)
FNF:16
FNH:16
FNDA:5,(anonymous_8)
FNDA:5,(anonymous_9)
FNDA:6,(anonymous_10)
FNDA:6,(anonymous_11)
FNDA:3,(anonymous_12)
FNDA:3,(anonymous_13)
FNDA:2,(anonymous_14)
FNDA:2,(anonymous_15)
FNDA:4,(anonymous_16)
FNDA:5,(anonymous_17)
FNDA:5,(anonymous_18)
FNDA:4,(anonymous_19)
FNDA:4,(anonymous_20)
FNDA:20,(anonymous_21)
FNDA:20,(anonymous_22)
FNDA:16,(anonymous_23)
DA:2,4
DA:3,4
DA:4,4
DA:6,5
DA:7,5
DA:8,5
DA:9,5
DA:10,5
DA:11,1
DA:12,1
DA:14,4
DA:15,4
DA:16,4
DA:17,4
DA:18,3
DA:20,1
DA:24,6
DA:25,6
DA:26,6
DA:27,6
DA:28,6
DA:29,2
DA:30,2
DA:32,4
DA:33,4
DA:34,1
DA:35,1
DA:37,3
DA:38,3
DA:39,3
DA:40,3
DA:41,0
DA:42,0
DA:44,3
DA:45,3
DA:53,3
DA:61,3
DA:62,0
DA:64,3
DA:65,3
DA:66,3
DA:70,0
DA:74,4
DA:75,3
DA:76,3
DA:77,3
DA:78,3
DA:79,1
DA:80,1
DA:82,2
DA:83,0
DA:84,0
DA:86,2
DA:89,2
DA:90,2
DA:91,1
DA:92,1
DA:94,1
DA:95,1
DA:96,0
DA:97,0
DA:99,1
DA:100,0
DA:101,0
DA:102,0
DA:103,0
DA:105,4
DA:106,1
DA:107,1
DA:111,0
DA:119,5
DA:120,5
DA:121,5
DA:122,5
DA:123,1
DA:124,1
DA:126,4
DA:127,4
DA:128,0
DA:129,0
DA:131,4
DA:134,4
DA:135,4
DA:136,1
DA:137,1
DA:139,3
DA:140,3
DA:141,0
DA:142,0
DA:144,3
DA:145,0
DA:146,0
DA:148,3
DA:149,0
DA:150,0
DA:151,0
DA:152,0
DA:154,3
DA:159,0
DA:160,0
DA:162,3
DA:163,3
DA:171,3
DA:178,3
DA:179,3
DA:180,3
DA:186,0
DA:190,20
DA:191,20
DA:192,20
DA:193,20
DA:194,4
DA:195,4
DA:198,16
DA:199,0
DA:200,0
DA:203,16
DA:204,16
DA:205,2
DA:206,2
DA:208,14
DA:209,14
DA:213,4
LF:123
LH:95
BRDA:10,0,0,1
BRDA:28,1,0,2
BRDA:33,2,0,1
BRDA:40,3,0,0
BRDA:40,4,0,3
BRDA:40,4,1,3
BRDA:40,4,2,3
BRDA:61,5,0,0
BRDA:77,6,0,3
BRDA:77,6,1,2
BRDA:78,7,0,1
BRDA:82,8,0,0
BRDA:90,9,0,1
BRDA:95,10,0,0
BRDA:99,11,0,0
BRDA:121,12,0,5
BRDA:121,12,1,4
BRDA:122,13,0,1
BRDA:127,14,0,0
BRDA:135,15,0,1
BRDA:140,16,0,0
BRDA:144,17,0,0
BRDA:148,18,0,0
BRDA:154,19,0,0
BRDA:155,20,0,3
BRDA:155,20,1,3
BRDA:155,20,2,3
BRDA:192,21,0,20
BRDA:192,21,1,16
BRDA:193,22,0,4
BRDA:198,23,0,0
BRDA:204,24,0,2
BRF:32
BRH:21
end_of_record
TN:
SF:src\controllers\baseController.ts
FN:7,(anonymous_7)
FN:12,(anonymous_8)
FN:27,(anonymous_10)
FN:37,(anonymous_12)
FN:51,(anonymous_14)
FNF:5
FNH:5
FNDA:12,(anonymous_7)
FNDA:9,(anonymous_8)
FNDA:7,(anonymous_10)
FNDA:4,(anonymous_12)
FNDA:4,(anonymous_14)
DA:8,12
DA:9,12
DA:13,9
DA:14,9
DA:15,9
DA:16,3
DA:17,3
DA:19,6
DA:20,6
DA:23,0
DA:28,7
DA:29,7
DA:30,7
DA:31,5
DA:33,2
DA:38,4
DA:39,4
DA:40,4
DA:41,2
DA:42,2
DA:44,0
DA:47,2
DA:52,4
DA:53,4
DA:54,4
DA:55,3
DA:56,2
DA:58,1
DA:61,1
DA:66,4
LF:30
LH:28
BRDA:15,0,0,3
BRDA:15,0,1,6
BRDA:41,1,0,2
BRDA:41,1,1,0
BRDA:55,2,0,2
BRDA:55,2,1,1
BRF:6
BRH:5
end_of_record
TN:
SF:src\controllers\cartController.ts
FN:9,(anonymous_8)
FN:13,(anonymous_9)
FN:32,(anonymous_11)
FN:60,(anonymous_13)
FN:89,(anonymous_15)
FN:115,(anonymous_17)
FN:134,(anonymous_19)
FN:161,(anonymous_21)
FN:186,(anonymous_23)
FN:200,(anonymous_25)
FN:220,(anonymous_27)
FNF:11
FNH:10
FNDA:4,(anonymous_8)
FNDA:0,(anonymous_9)
FNDA:2,(anonymous_11)
FNDA:4,(anonymous_13)
FNDA:2,(anonymous_15)
FNDA:1,(anonymous_17)
FNDA:2,(anonymous_19)
FNDA:1,(anonymous_21)
FNDA:1,(anonymous_23)
FNDA:5,(anonymous_25)
FNDA:7,(anonymous_27)
DA:1,4
DA:2,4
DA:4,4
DA:6,4
DA:10,4
DA:14,0
DA:15,0
DA:16,0
DA:17,0
DA:22,0
DA:23,0
DA:25,0
DA:28,0
DA:33,2
DA:34,2
DA:35,2
DA:36,2
DA:37,2
DA:38,0
DA:39,0
DA:41,2
DA:42,2
DA:43,2
DA:52,2
DA:53,2
DA:54,2
DA:56,0
DA:61,4
DA:62,4
DA:63,4
DA:64,4
DA:65,4
DA:66,0
DA:68,4
DA:69,3
DA:70,1
DA:71,1
DA:72,1
DA:73,1
DA:74,1
DA:77,3
DA:78,3
DA:79,3
DA:80,3
DA:81,3
DA:82,3
DA:85,0
DA:90,2
DA:91,2
DA:92,2
DA:93,2
DA:94,2
DA:95,0
DA:97,2
DA:98,2
DA:99,1
DA:100,1
DA:101,1
DA:102,1
DA:103,1
DA:104,1
DA:105,1
DA:108,1
DA:111,0
DA:116,1
DA:117,1
DA:118,1
DA:119,1
DA:120,0
DA:122,1
DA:123,1
DA:124,1
DA:125,1
DA:126,1
DA:127,1
DA:130,0
DA:135,2
DA:136,2
DA:137,2
DA:138,2
DA:139,2
DA:140,0
DA:142,2
DA:143,2
DA:144,3
DA:145,3
DA:146,1
DA:147,1
DA:150,1
DA:151,1
DA:152,1
DA:153,1
DA:154,1
DA:157,0
DA:162,1
DA:163,1
DA:164,1
DA:165,1
DA:166,1
DA:167,0
DA:169,1
DA:170,1
DA:171,2
DA:172,2
DA:173,1
DA:174,1
DA:175,1
DA:176,1
DA:179,0
DA:182,0
DA:187,1
DA:188,1
DA:189,1
DA:190,1
DA:191,1
DA:193,0
DA:196,0
DA:201,5
DA:202,5
DA:203,5
DA:204,0
DA:205,0
DA:207,5
DA:208,5
DA:209,0
DA:210,0
DA:212,5
DA:213,5
DA:214,1
DA:215,1
DA:217,4
DA:221,7
DA:222,7
DA:223,7
DA:224,0
DA:225,0
DA:227,7
DA:228,7
DA:229,0
DA:230,0
DA:232,7
DA:233,7
DA:234,8
DA:235,8
DA:236,7
DA:237,7
DA:240,0
DA:241,0
DA:245,4
LF:149
LH:115
BRDA:22,0,0,0
BRDA:22,0,1,0
BRDA:37,1,0,0
BRDA:65,2,0,0
BRDA:65,2,1,4
BRDA:69,3,0,1
BRDA:94,4,0,0
BRDA:94,4,1,2
BRDA:98,5,0,1
BRDA:119,6,0,0
BRDA:119,6,1,1
BRDA:139,7,0,0
BRDA:139,7,1,2
BRDA:145,8,0,1
BRDA:166,9,0,0
BRDA:166,9,1,1
BRDA:172,10,0,1
BRDA:190,11,0,1
BRDA:190,11,1,0
BRDA:203,12,0,0
BRDA:208,13,0,0
BRDA:213,14,0,1
BRDA:223,15,0,0
BRDA:228,16,0,0
BRDA:235,17,0,7
BRF:25
BRH:12
end_of_record
TN:
SF:src\controllers\categoryController.ts
FN:7,(anonymous_8)
FN:11,(anonymous_9)
FNF:2
FNH:2
FNDA:4,(anonymous_8)
FNDA:2,(anonymous_9)
DA:1,4
DA:2,4
DA:8,4
DA:12,2
DA:13,2
DA:14,2
DA:15,2
DA:16,1
DA:17,1
DA:19,0
DA:22,1
DA:27,4
LF:12
LH:11
BRDA:16,0,0,1
BRDA:16,0,1,0
BRF:2
BRH:1
end_of_record
TN:
SF:src\controllers\productController.ts
FN:6,(anonymous_8)
FN:11,(anonymous_9)
FNF:2
FNH:2
FNDA:4,(anonymous_8)
FNDA:3,(anonymous_9)
DA:2,4
DA:3,4
DA:7,4
DA:12,3
DA:13,3
DA:14,3
DA:15,3
DA:16,2
DA:17,1
DA:19,1
DA:22,1
DA:27,4
LF:12
LH:12
BRDA:16,0,0,1
BRDA:16,0,1,1
BRF:2
BRH:2
end_of_record
TN:
SF:src\models\cartModel.ts
FNF:0
FNH:0
DA:1,4
DA:14,4
DA:40,4
LF:3
LH:3
BRF:0
BRH:0
end_of_record
TN:
SF:src\models\categoryModel.ts
FNF:0
FNH:0
DA:1,4
DA:3,4
DA:16,4
LF:3
LH:3
BRF:0
BRH:0
end_of_record
TN:
SF:src\models\productModel.ts
FNF:0
FNH:0
DA:1,4
DA:4,4
DA:38,4
LF:3
LH:3
BRF:0
BRH:0
end_of_record
TN:
SF:src\models\userModel.ts
FNF:0
FNH:0
DA:1,4
DA:11,4
DA:32,4
LF:3
LH:3
BRF:0
BRH:0
end_of_record
TN:
SF:src\routes\authRoutes.ts
FNF:0
FNH:0
DA:1,4
DA:2,4
DA:3,4
DA:5,4
DA:11,4
LF:5
LH:5
BRF:0
BRH:0
end_of_record
TN:
SF:src\routes\cartRoutes.ts
FNF:0
FNH:0
DA:1,4
DA:2,4
DA:3,4
DA:4,4
DA:6,4
DA:18,4
LF:6
LH:6
BRF:0
BRH:0
end_of_record
TN:
SF:src\routes\categoryRoutes.ts
FNF:0
FNH:0
DA:1,4
DA:2,4
DA:3,4
DA:5,4
DA:12,4
LF:5
LH:5
BRF:0
BRH:0
end_of_record
TN:
SF:src\routes\productRoutes.ts
FNF:0
FNH:0
DA:2,4
DA:3,4
DA:4,4
DA:6,4
DA:13,4
LF:5
LH:5
BRF:0
BRH:0
end_of_record
